{"C:\\Users\\Hubert\\Desktop\\ELO\\frontend\\src\\customRender.jsx": {"path":"C:\\Users\\Hubert\\Desktop\\ELO\\frontend\\src\\customRender.jsx","statementMap":{"0":{"start":{"line":8,"column":28},"end":{"line":18,"column":1}},"1":{"start":{"line":9,"column":2},"end":{"line":17,"column":4}},"2":{"start":{"line":20,"column":31},"end":{"line":33,"column":1}},"3":{"start":{"line":22,"column":13},"end":{"line":22,"column":73}},"4":{"start":{"line":24,"column":2},"end":{"line":32,"column":4}}},"fnMap":{"0":{"name":"(anonymous_0)","decl":{"start":{"line":8,"column":28},"end":{"line":8,"column":29}},"loc":{"start":{"line":8,"column":90},"end":{"line":18,"column":1}},"line":8},"1":{"name":"(anonymous_1)","decl":{"start":{"line":20,"column":31},"end":{"line":20,"column":32}},"loc":{"start":{"line":20,"column":93},"end":{"line":33,"column":1}},"line":20}},"branchMap":{"0":{"loc":{"start":{"line":8,"column":33},"end":{"line":8,"column":46}},"type":"default-arg","locations":[{"start":{"line":8,"column":44},"end":{"line":8,"column":46}}],"line":8},"1":{"loc":{"start":{"line":8,"column":48},"end":{"line":8,"column":66}},"type":"default-arg","locations":[{"start":{"line":8,"column":64},"end":{"line":8,"column":66}}],"line":8},"2":{"loc":{"start":{"line":8,"column":68},"end":{"line":8,"column":85}},"type":"default-arg","locations":[{"start":{"line":8,"column":83},"end":{"line":8,"column":85}}],"line":8},"3":{"loc":{"start":{"line":20,"column":36},"end":{"line":20,"column":49}},"type":"default-arg","locations":[{"start":{"line":20,"column":47},"end":{"line":20,"column":49}}],"line":20},"4":{"loc":{"start":{"line":20,"column":51},"end":{"line":20,"column":69}},"type":"default-arg","locations":[{"start":{"line":20,"column":67},"end":{"line":20,"column":69}}],"line":20},"5":{"loc":{"start":{"line":20,"column":71},"end":{"line":20,"column":88}},"type":"default-arg","locations":[{"start":{"line":20,"column":86},"end":{"line":20,"column":88}}],"line":20}},"s":{"0":5,"1":9,"2":5,"3":1,"4":1},"f":{"0":9,"1":1},"b":{"0":[9],"1":[9],"2":[9],"3":[1],"4":[1],"5":[1]},"_coverageSchema":"43e27e138ebf9cfc5966b082cf9a028302ed4184","hash":"1c5212ab26d1cc7b79d09b45e6ca145c07697657"}
,"C:\\Users\\Hubert\\Desktop\\ELO\\frontend\\src\\index.tsx": {"path":"C:\\Users\\Hubert\\Desktop\\ELO\\frontend\\src\\index.tsx","statementMap":{"0":{"start":{"line":10,"column":0},"end":{"line":30,"column":2}}},"fnMap":{},"branchMap":{},"s":{"0":0},"f":{},"b":{},"hash":"ab66a269e022a87b5b9afae11486ed8457c6bd31"}
,"C:\\Users\\Hubert\\Desktop\\ELO\\frontend\\src\\components\\Administrator.tsx": {"path":"C:\\Users\\Hubert\\Desktop\\ELO\\frontend\\src\\components\\Administrator.tsx","statementMap":{"0":{"start":{"line":9,"column":24},"end":{"line":15,"column":1}},"1":{"start":{"line":17,"column":19},"end":{"line":33,"column":1}},"2":{"start":{"line":34,"column":29},"end":{"line":39,"column":1}},"3":{"start":{"line":41,"column":13},"end":{"line":47,"column":1}},"4":{"start":{"line":49,"column":20},"end":{"line":55,"column":1}},"5":{"start":{"line":57,"column":13},"end":{"line":61,"column":1}},"6":{"start":{"line":63,"column":13},"end":{"line":66,"column":1}},"7":{"start":{"line":68,"column":13},"end":{"line":81,"column":1}},"8":{"start":{"line":83,"column":29},"end":{"line":203,"column":1}},"9":{"start":{"line":84,"column":30},"end":{"line":84,"column":43}},"10":{"start":{"line":85,"column":28},"end":{"line":85,"column":41}},"11":{"start":{"line":87,"column":16},"end":{"line":87,"column":26}},"12":{"start":{"line":88,"column":13},"end":{"line":88,"column":53}},"13":{"start":{"line":89,"column":13},"end":{"line":89,"column":58}},"14":{"start":{"line":90,"column":15},"end":{"line":90,"column":34}},"15":{"start":{"line":92,"column":15},"end":{"line":92,"column":41}},"16":{"start":{"line":94,"column":42},"end":{"line":94,"column":69}},"17":{"start":{"line":95,"column":46},"end":{"line":95,"column":73}},"18":{"start":{"line":96,"column":42},"end":{"line":96,"column":69}},"19":{"start":{"line":97,"column":48},"end":{"line":97,"column":75}},"20":{"start":{"line":98,"column":44},"end":{"line":98,"column":71}},"21":{"start":{"line":99,"column":32},"end":{"line":99,"column":47}},"22":{"start":{"line":102,"column":21},"end":{"line":153,"column":3}},"23":{"start":{"line":103,"column":19},"end":{"line":111,"column":5}},"24":{"start":{"line":104,"column":6},"end":{"line":110,"column":9}},"25":{"start":{"line":107,"column":12},"end":{"line":107,"column":31}},"26":{"start":{"line":112,"column":4},"end":{"line":112,"column":27}},"27":{"start":{"line":113,"column":21},"end":{"line":113,"column":35}},"28":{"start":{"line":114,"column":4},"end":{"line":114,"column":50}},"29":{"start":{"line":115,"column":4},"end":{"line":117,"column":5}},"30":{"start":{"line":116,"column":6},"end":{"line":116,"column":78}},"31":{"start":{"line":118,"column":4},"end":{"line":120,"column":5}},"32":{"start":{"line":119,"column":6},"end":{"line":119,"column":74}},"33":{"start":{"line":121,"column":4},"end":{"line":123,"column":5}},"34":{"start":{"line":122,"column":6},"end":{"line":122,"column":80}},"35":{"start":{"line":124,"column":4},"end":{"line":126,"column":5}},"36":{"start":{"line":125,"column":6},"end":{"line":125,"column":76}},"37":{"start":{"line":128,"column":19},"end":{"line":132,"column":5}},"38":{"start":{"line":134,"column":4},"end":{"line":151,"column":5}},"39":{"start":{"line":135,"column":6},"end":{"line":135,"column":23}},"40":{"start":{"line":136,"column":23},"end":{"line":140,"column":7}},"41":{"start":{"line":141,"column":6},"end":{"line":144,"column":9}},"42":{"start":{"line":146,"column":6},"end":{"line":149,"column":9}},"43":{"start":{"line":150,"column":6},"end":{"line":150,"column":21}},"44":{"start":{"line":152,"column":4},"end":{"line":152,"column":22}},"45":{"start":{"line":155,"column":2},"end":{"line":202,"column":4}},"46":{"start":{"line":166,"column":61},"end":{"line":166,"column":100}},"47":{"start":{"line":170,"column":61},"end":{"line":170,"column":98}},"48":{"start":{"line":176,"column":61},"end":{"line":176,"column":101}},"49":{"start":{"line":182,"column":61},"end":{"line":182,"column":99}},"50":{"start":{"line":189,"column":16},"end":{"line":192,"column":17}},"51":{"start":{"line":190,"column":31},"end":{"line":190,"column":48}},"52":{"start":{"line":191,"column":18},"end":{"line":191,"column":40}}},"fnMap":{"0":{"name":"(anonymous_0)","decl":{"start":{"line":83,"column":29},"end":{"line":83,"column":30}},"loc":{"start":{"line":83,"column":35},"end":{"line":203,"column":1}},"line":83},"1":{"name":"(anonymous_1)","decl":{"start":{"line":102,"column":21},"end":{"line":102,"column":22}},"loc":{"start":{"line":102,"column":72},"end":{"line":153,"column":3}},"line":102},"2":{"name":"(anonymous_2)","decl":{"start":{"line":103,"column":19},"end":{"line":103,"column":20}},"loc":{"start":{"line":104,"column":6},"end":{"line":110,"column":9}},"line":104},"3":{"name":"(anonymous_3)","decl":{"start":{"line":106,"column":19},"end":{"line":106,"column":20}},"loc":{"start":{"line":106,"column":25},"end":{"line":108,"column":11}},"line":106},"4":{"name":"(anonymous_4)","decl":{"start":{"line":166,"column":54},"end":{"line":166,"column":55}},"loc":{"start":{"line":166,"column":61},"end":{"line":166,"column":100}},"line":166},"5":{"name":"(anonymous_5)","decl":{"start":{"line":170,"column":54},"end":{"line":170,"column":55}},"loc":{"start":{"line":170,"column":61},"end":{"line":170,"column":98}},"line":170},"6":{"name":"(anonymous_6)","decl":{"start":{"line":176,"column":54},"end":{"line":176,"column":55}},"loc":{"start":{"line":176,"column":61},"end":{"line":176,"column":101}},"line":176},"7":{"name":"(anonymous_7)","decl":{"start":{"line":182,"column":54},"end":{"line":182,"column":55}},"loc":{"start":{"line":182,"column":61},"end":{"line":182,"column":99}},"line":182},"8":{"name":"(anonymous_8)","decl":{"start":{"line":188,"column":24},"end":{"line":188,"column":25}},"loc":{"start":{"line":188,"column":31},"end":{"line":193,"column":15}},"line":188}},"branchMap":{"0":{"loc":{"start":{"line":115,"column":4},"end":{"line":117,"column":5}},"type":"if","locations":[{"start":{"line":115,"column":4},"end":{"line":117,"column":5}},{"start":{"line":115,"column":4},"end":{"line":117,"column":5}}],"line":115},"1":{"loc":{"start":{"line":118,"column":4},"end":{"line":120,"column":5}},"type":"if","locations":[{"start":{"line":118,"column":4},"end":{"line":120,"column":5}},{"start":{"line":118,"column":4},"end":{"line":120,"column":5}}],"line":118},"2":{"loc":{"start":{"line":121,"column":4},"end":{"line":123,"column":5}},"type":"if","locations":[{"start":{"line":121,"column":4},"end":{"line":123,"column":5}},{"start":{"line":121,"column":4},"end":{"line":123,"column":5}}],"line":121},"3":{"loc":{"start":{"line":124,"column":4},"end":{"line":126,"column":5}},"type":"if","locations":[{"start":{"line":124,"column":4},"end":{"line":126,"column":5}},{"start":{"line":124,"column":4},"end":{"line":126,"column":5}}],"line":124},"4":{"loc":{"start":{"line":189,"column":16},"end":{"line":192,"column":17}},"type":"if","locations":[{"start":{"line":189,"column":16},"end":{"line":192,"column":17}},{"start":{"line":189,"column":16},"end":{"line":192,"column":17}}],"line":189},"5":{"loc":{"start":{"line":189,"column":20},"end":{"line":189,"column":55}},"type":"binary-expr","locations":[{"start":{"line":189,"column":20},"end":{"line":189,"column":34}},{"start":{"line":189,"column":38},"end":{"line":189,"column":55}}],"line":189},"6":{"loc":{"start":{"line":197,"column":39},"end":{"line":197,"column":84}},"type":"cond-expr","locations":[{"start":{"line":197,"column":59},"end":{"line":197,"column":67}},{"start":{"line":197,"column":70},"end":{"line":197,"column":84}}],"line":197}},"s":{"0":1,"1":1,"2":1,"3":1,"4":1,"5":1,"6":1,"7":1,"8":1,"9":0,"10":0,"11":0,"12":0,"13":0,"14":0,"15":0,"16":0,"17":0,"18":0,"19":0,"20":0,"21":0,"22":0,"23":0,"24":0,"25":0,"26":0,"27":0,"28":0,"29":0,"30":0,"31":0,"32":0,"33":0,"34":0,"35":0,"36":0,"37":0,"38":0,"39":0,"40":0,"41":0,"42":0,"43":0,"44":0,"45":0,"46":0,"47":0,"48":0,"49":0,"50":0,"51":0,"52":0},"f":{"0":0,"1":0,"2":0,"3":0,"4":0,"5":0,"6":0,"7":0,"8":0},"b":{"0":[0,0],"1":[0,0],"2":[0,0],"3":[0,0],"4":[0,0],"5":[0,0],"6":[0,0]},"_coverageSchema":"43e27e138ebf9cfc5966b082cf9a028302ed4184","hash":"d3a1d26e91fbaf51ee8bd58240a66366e3be783b"}
,"C:\\Users\\Hubert\\Desktop\\ELO\\frontend\\src\\components\\App.tsx": {"path":"C:\\Users\\Hubert\\Desktop\\ELO\\frontend\\src\\components\\App.tsx","statementMap":{"0":{"start":{"line":13,"column":16},"end":{"line":20,"column":1}},"1":{"start":{"line":22,"column":19},"end":{"line":58,"column":1}},"2":{"start":{"line":23,"column":19},"end":{"line":23,"column":42}},"3":{"start":{"line":24,"column":44},"end":{"line":24,"column":59}},"4":{"start":{"line":26,"column":36},"end":{"line":26,"column":63}},"5":{"start":{"line":27,"column":26},"end":{"line":27,"column":49}},"6":{"start":{"line":29,"column":25},"end":{"line":31,"column":3}},"7":{"start":{"line":30,"column":4},"end":{"line":30,"column":37}},"8":{"start":{"line":33,"column":24},"end":{"line":33,"column":61}},"9":{"start":{"line":34,"column":2},"end":{"line":57,"column":4}}},"fnMap":{"0":{"name":"(anonymous_0)","decl":{"start":{"line":22,"column":19},"end":{"line":22,"column":20}},"loc":{"start":{"line":22,"column":25},"end":{"line":58,"column":1}},"line":22},"1":{"name":"(anonymous_1)","decl":{"start":{"line":29,"column":25},"end":{"line":29,"column":26}},"loc":{"start":{"line":29,"column":31},"end":{"line":31,"column":3}},"line":29}},"branchMap":{"0":{"loc":{"start":{"line":37,"column":9},"end":{"line":51,"column":11}},"type":"binary-expr","locations":[{"start":{"line":37,"column":9},"end":{"line":37,"column":34}},{"start":{"line":38,"column":12},"end":{"line":50,"column":15}}],"line":37},"1":{"loc":{"start":{"line":42,"column":17},"end":{"line":47,"column":17}},"type":"binary-expr","locations":[{"start":{"line":42,"column":17},"end":{"line":42,"column":44}},{"start":{"line":43,"column":18},"end":{"line":46,"column":21}}],"line":42},"2":{"loc":{"start":{"line":48,"column":17},"end":{"line":48,"column":98}},"type":"binary-expr","locations":[{"start":{"line":48,"column":17},"end":{"line":48,"column":44}},{"start":{"line":48,"column":48},"end":{"line":48,"column":98}}],"line":48},"3":{"loc":{"start":{"line":52,"column":9},"end":{"line":54,"column":9}},"type":"binary-expr","locations":[{"start":{"line":52,"column":9},"end":{"line":52,"column":34}},{"start":{"line":53,"column":12},"end":{"line":53,"column":43}}],"line":52}},"s":{"0":1,"1":1,"2":2,"3":2,"4":2,"5":2,"6":2,"7":0,"8":2,"9":2},"f":{"0":2,"1":0},"b":{"0":[2,2],"1":[2,0],"2":[2,0],"3":[2,0]},"_coverageSchema":"43e27e138ebf9cfc5966b082cf9a028302ed4184","hash":"a58648d48330c16ab56971eefe9feac0b1cdf892"}
,"C:\\Users\\Hubert\\Desktop\\ELO\\frontend\\src\\components\\CourseCard.tsx": {"path":"C:\\Users\\Hubert\\Desktop\\ELO\\frontend\\src\\components\\CourseCard.tsx","statementMap":{"0":{"start":{"line":12,"column":26},"end":{"line":25,"column":1}},"1":{"start":{"line":27,"column":21},"end":{"line":34,"column":1}},"2":{"start":{"line":36,"column":16},"end":{"line":43,"column":1}},"3":{"start":{"line":45,"column":19},"end":{"line":50,"column":1}},"4":{"start":{"line":56,"column":25},"end":{"line":77,"column":1}},"5":{"start":{"line":64,"column":6},"end":{"line":67,"column":7}},"6":{"start":{"line":73,"column":4},"end":{"line":76,"column":5}},"7":{"start":{"line":83,"column":26},"end":{"line":90,"column":1}},"8":{"start":{"line":89,"column":34},"end":{"line":89,"column":73}},"9":{"start":{"line":96,"column":24},"end":{"line":106,"column":1}},"10":{"start":{"line":100,"column":42},"end":{"line":100,"column":87}},"11":{"start":{"line":108,"column":23},"end":{"line":111,"column":1}},"12":{"start":{"line":117,"column":17},"end":{"line":126,"column":1}},"13":{"start":{"line":122,"column":4},"end":{"line":125,"column":5}},"14":{"start":{"line":128,"column":18},"end":{"line":144,"column":2}},"15":{"start":{"line":150,"column":26},"end":{"line":226,"column":1}},"16":{"start":{"line":151,"column":18},"end":{"line":151,"column":29}},"17":{"start":{"line":158,"column":6},"end":{"line":158,"column":33}},"18":{"start":{"line":159,"column":36},"end":{"line":159,"column":50}},"19":{"start":{"line":160,"column":17},"end":{"line":160,"column":58}},"20":{"start":{"line":161,"column":29},"end":{"line":161,"column":83}},"21":{"start":{"line":161,"column":43},"end":{"line":161,"column":78}},"22":{"start":{"line":162,"column":34},"end":{"line":162,"column":62}},"23":{"start":{"line":164,"column":23},"end":{"line":167,"column":3}},"24":{"start":{"line":165,"column":4},"end":{"line":165,"column":151}},"25":{"start":{"line":165,"column":27},"end":{"line":165,"column":148}},"26":{"start":{"line":166,"column":4},"end":{"line":166,"column":41}},"27":{"start":{"line":169,"column":2},"end":{"line":225,"column":4}},"28":{"start":{"line":171,"column":35},"end":{"line":171,"column":59}},"29":{"start":{"line":174,"column":12},"end":{"line":174,"column":32}},"30":{"start":{"line":175,"column":12},"end":{"line":175,"column":40}},"31":{"start":{"line":176,"column":12},"end":{"line":176,"column":31}},"32":{"start":{"line":179,"column":35},"end":{"line":179,"column":59}},"33":{"start":{"line":180,"column":35},"end":{"line":180,"column":59}},"34":{"start":{"line":184,"column":10},"end":{"line":221,"column":29}},"35":{"start":{"line":187,"column":27},"end":{"line":187,"column":57}},"36":{"start":{"line":189,"column":14},"end":{"line":191,"column":15}},"37":{"start":{"line":190,"column":16},"end":{"line":190,"column":90}},"38":{"start":{"line":192,"column":14},"end":{"line":194,"column":15}},"39":{"start":{"line":193,"column":16},"end":{"line":193,"column":90}},"40":{"start":{"line":197,"column":14},"end":{"line":199,"column":15}},"41":{"start":{"line":198,"column":16},"end":{"line":198,"column":57}},"42":{"start":{"line":200,"column":14},"end":{"line":200,"column":39}}},"fnMap":{"0":{"name":"(anonymous_0)","decl":{"start":{"line":63,"column":6},"end":{"line":63,"column":7}},"loc":{"start":{"line":64,"column":6},"end":{"line":67,"column":7}},"line":64},"1":{"name":"(anonymous_1)","decl":{"start":{"line":72,"column":4},"end":{"line":72,"column":5}},"loc":{"start":{"line":73,"column":4},"end":{"line":76,"column":5}},"line":73},"2":{"name":"(anonymous_2)","decl":{"start":{"line":89,"column":15},"end":{"line":89,"column":16}},"loc":{"start":{"line":89,"column":34},"end":{"line":89,"column":73}},"line":89},"3":{"name":"(anonymous_3)","decl":{"start":{"line":100,"column":22},"end":{"line":100,"column":23}},"loc":{"start":{"line":100,"column":42},"end":{"line":100,"column":87}},"line":100},"4":{"name":"(anonymous_4)","decl":{"start":{"line":121,"column":4},"end":{"line":121,"column":5}},"loc":{"start":{"line":122,"column":4},"end":{"line":125,"column":5}},"line":122},"5":{"name":"(anonymous_5)","decl":{"start":{"line":150,"column":26},"end":{"line":150,"column":27}},"loc":{"start":{"line":150,"column":59},"end":{"line":226,"column":1}},"line":150},"6":{"name":"(anonymous_6)","decl":{"start":{"line":161,"column":37},"end":{"line":161,"column":38}},"loc":{"start":{"line":161,"column":43},"end":{"line":161,"column":78}},"line":161},"7":{"name":"(anonymous_7)","decl":{"start":{"line":164,"column":23},"end":{"line":164,"column":24}},"loc":{"start":{"line":164,"column":59},"end":{"line":167,"column":3}},"line":164},"8":{"name":"(anonymous_8)","decl":{"start":{"line":165,"column":16},"end":{"line":165,"column":17}},"loc":{"start":{"line":165,"column":27},"end":{"line":165,"column":148}},"line":165},"9":{"name":"(anonymous_9)","decl":{"start":{"line":171,"column":29},"end":{"line":171,"column":30}},"loc":{"start":{"line":171,"column":35},"end":{"line":171,"column":59}},"line":171},"10":{"name":"(anonymous_10)","decl":{"start":{"line":173,"column":19},"end":{"line":173,"column":20}},"loc":{"start":{"line":173,"column":26},"end":{"line":177,"column":11}},"line":173},"11":{"name":"(anonymous_11)","decl":{"start":{"line":179,"column":29},"end":{"line":179,"column":30}},"loc":{"start":{"line":179,"column":35},"end":{"line":179,"column":59}},"line":179},"12":{"name":"(anonymous_12)","decl":{"start":{"line":180,"column":29},"end":{"line":180,"column":30}},"loc":{"start":{"line":180,"column":35},"end":{"line":180,"column":59}},"line":180},"13":{"name":"(anonymous_13)","decl":{"start":{"line":183,"column":20},"end":{"line":183,"column":21}},"loc":{"start":{"line":184,"column":10},"end":{"line":221,"column":29}},"line":184},"14":{"name":"(anonymous_14)","decl":{"start":{"line":187,"column":21},"end":{"line":187,"column":22}},"loc":{"start":{"line":187,"column":27},"end":{"line":187,"column":57}},"line":187},"15":{"name":"(anonymous_15)","decl":{"start":{"line":188,"column":26},"end":{"line":188,"column":27}},"loc":{"start":{"line":188,"column":32},"end":{"line":195,"column":13}},"line":188},"16":{"name":"(anonymous_16)","decl":{"start":{"line":196,"column":26},"end":{"line":196,"column":27}},"loc":{"start":{"line":196,"column":32},"end":{"line":201,"column":13}},"line":196}},"branchMap":{"0":{"loc":{"start":{"line":64,"column":6},"end":{"line":67,"column":7}},"type":"binary-expr","locations":[{"start":{"line":64,"column":6},"end":{"line":64,"column":17}},{"start":{"line":65,"column":6},"end":{"line":67,"column":7}}],"line":64},"1":{"loc":{"start":{"line":73,"column":4},"end":{"line":76,"column":5}},"type":"binary-expr","locations":[{"start":{"line":73,"column":4},"end":{"line":73,"column":14}},{"start":{"line":74,"column":4},"end":{"line":76,"column":5}}],"line":73},"2":{"loc":{"start":{"line":89,"column":34},"end":{"line":89,"column":73}},"type":"cond-expr","locations":[{"start":{"line":89,"column":45},"end":{"line":89,"column":58}},{"start":{"line":89,"column":61},"end":{"line":89,"column":73}}],"line":89},"3":{"loc":{"start":{"line":100,"column":42},"end":{"line":100,"column":87}},"type":"cond-expr","locations":[{"start":{"line":100,"column":66},"end":{"line":100,"column":75}},{"start":{"line":100,"column":78},"end":{"line":100,"column":87}}],"line":100},"4":{"loc":{"start":{"line":122,"column":4},"end":{"line":125,"column":5}},"type":"binary-expr","locations":[{"start":{"line":122,"column":4},"end":{"line":122,"column":18}},{"start":{"line":123,"column":4},"end":{"line":125,"column":5}}],"line":122},"5":{"loc":{"start":{"line":165,"column":27},"end":{"line":165,"column":148}},"type":"cond-expr","locations":[{"start":{"line":165,"column":60},"end":{"line":165,"column":103}},{"start":{"line":165,"column":106},"end":{"line":165,"column":148}}],"line":165},"6":{"loc":{"start":{"line":185,"column":24},"end":{"line":185,"column":111}},"type":"cond-expr","locations":[{"start":{"line":185,"column":99},"end":{"line":185,"column":103}},{"start":{"line":185,"column":106},"end":{"line":185,"column":111}}],"line":185},"7":{"loc":{"start":{"line":185,"column":24},"end":{"line":185,"column":96}},"type":"binary-expr","locations":[{"start":{"line":185,"column":24},"end":{"line":185,"column":58}},{"start":{"line":185,"column":62},"end":{"line":185,"column":96}}],"line":185},"8":{"loc":{"start":{"line":189,"column":14},"end":{"line":191,"column":15}},"type":"if","locations":[{"start":{"line":189,"column":14},"end":{"line":191,"column":15}},{"start":{"line":189,"column":14},"end":{"line":191,"column":15}}],"line":189},"9":{"loc":{"start":{"line":192,"column":14},"end":{"line":194,"column":15}},"type":"if","locations":[{"start":{"line":192,"column":14},"end":{"line":194,"column":15}},{"start":{"line":192,"column":14},"end":{"line":194,"column":15}}],"line":192},"10":{"loc":{"start":{"line":197,"column":14},"end":{"line":199,"column":15}},"type":"if","locations":[{"start":{"line":197,"column":14},"end":{"line":199,"column":15}},{"start":{"line":197,"column":14},"end":{"line":199,"column":15}}],"line":197},"11":{"loc":{"start":{"line":203,"column":53},"end":{"line":203,"column":90}},"type":"cond-expr","locations":[{"start":{"line":203,"column":78},"end":{"line":203,"column":82}},{"start":{"line":203,"column":85},"end":{"line":203,"column":90}}],"line":203},"12":{"loc":{"start":{"line":205,"column":15},"end":{"line":213,"column":15}},"type":"cond-expr","locations":[{"start":{"line":206,"column":16},"end":{"line":208,"column":27}},{"start":{"line":210,"column":16},"end":{"line":212,"column":27}}],"line":205}},"s":{"0":5,"1":5,"2":5,"3":5,"4":5,"5":0,"6":0,"7":5,"8":10,"9":5,"10":0,"11":5,"12":5,"13":0,"14":5,"15":5,"16":0,"17":0,"18":0,"19":0,"20":0,"21":0,"22":0,"23":0,"24":0,"25":0,"26":0,"27":0,"28":0,"29":0,"30":0,"31":0,"32":0,"33":0,"34":0,"35":0,"36":0,"37":0,"38":0,"39":0,"40":0,"41":0,"42":0},"f":{"0":0,"1":0,"2":10,"3":0,"4":0,"5":0,"6":0,"7":0,"8":0,"9":0,"10":0,"11":0,"12":0,"13":0,"14":0,"15":0,"16":0},"b":{"0":[0,0],"1":[0,0],"2":[0,10],"3":[0,0],"4":[0,0],"5":[0,0],"6":[0,0],"7":[0,0],"8":[0,0],"9":[0,0],"10":[0,0],"11":[0,0],"12":[0,0]},"_coverageSchema":"43e27e138ebf9cfc5966b082cf9a028302ed4184","hash":"42e791ced03f09bbde3c3d433d139cd6c8acc2f2"}
,"C:\\Users\\Hubert\\Desktop\\ELO\\frontend\\src\\components\\DeaneryPanel.tsx": {"path":"C:\\Users\\Hubert\\Desktop\\ELO\\frontend\\src\\components\\DeaneryPanel.tsx","statementMap":{"0":{"start":{"line":13,"column":17},"end":{"line":21,"column":1}},"1":{"start":{"line":23,"column":13},"end":{"line":28,"column":1}},"2":{"start":{"line":30,"column":16},"end":{"line":35,"column":1}},"3":{"start":{"line":41,"column":25},"end":{"line":58,"column":1}},"4":{"start":{"line":50,"column":39},"end":{"line":50,"column":109}},"5":{"start":{"line":60,"column":19},"end":{"line":66,"column":1}},"6":{"start":{"line":68,"column":17},"end":{"line":74,"column":1}},"7":{"start":{"line":76,"column":20},"end":{"line":83,"column":1}},"8":{"start":{"line":85,"column":13},"end":{"line":89,"column":1}},"9":{"start":{"line":91,"column":13},"end":{"line":94,"column":1}},"10":{"start":{"line":96,"column":13},"end":{"line":99,"column":1}},"11":{"start":{"line":105,"column":28},"end":{"line":151,"column":1}},"12":{"start":{"line":106,"column":38},"end":{"line":106,"column":64}},"13":{"start":{"line":107,"column":47},"end":{"line":107,"column":74}},"14":{"start":{"line":108,"column":43},"end":{"line":108,"column":70}},"15":{"start":{"line":109,"column":33},"end":{"line":109,"column":63}},"16":{"start":{"line":111,"column":22},"end":{"line":114,"column":3}},"17":{"start":{"line":112,"column":4},"end":{"line":112,"column":46}},"18":{"start":{"line":113,"column":4},"end":{"line":113,"column":38}},"19":{"start":{"line":116,"column":2},"end":{"line":150,"column":4}}},"fnMap":{"0":{"name":"(anonymous_0)","decl":{"start":{"line":50,"column":16},"end":{"line":50,"column":17}},"loc":{"start":{"line":50,"column":39},"end":{"line":50,"column":109}},"line":50},"1":{"name":"(anonymous_1)","decl":{"start":{"line":105,"column":28},"end":{"line":105,"column":29}},"loc":{"start":{"line":105,"column":62},"end":{"line":151,"column":1}},"line":105},"2":{"name":"(anonymous_2)","decl":{"start":{"line":111,"column":22},"end":{"line":111,"column":23}},"loc":{"start":{"line":111,"column":57},"end":{"line":114,"column":3}},"line":111}},"branchMap":{"0":{"loc":{"start":{"line":50,"column":39},"end":{"line":50,"column":109}},"type":"cond-expr","locations":[{"start":{"line":50,"column":63},"end":{"line":50,"column":104}},{"start":{"line":50,"column":107},"end":{"line":50,"column":109}}],"line":50},"1":{"loc":{"start":{"line":133,"column":9},"end":{"line":147,"column":9}},"type":"cond-expr","locations":[{"start":{"line":134,"column":10},"end":{"line":137,"column":13}},{"start":{"line":138,"column":12},"end":{"line":147,"column":9}}],"line":133},"2":{"loc":{"start":{"line":138,"column":12},"end":{"line":147,"column":9}},"type":"cond-expr","locations":[{"start":{"line":139,"column":10},"end":{"line":139,"column":77}},{"start":{"line":140,"column":12},"end":{"line":147,"column":9}}],"line":138},"3":{"loc":{"start":{"line":140,"column":12},"end":{"line":147,"column":9}},"type":"cond-expr","locations":[{"start":{"line":141,"column":10},"end":{"line":141,"column":45}},{"start":{"line":143,"column":10},"end":{"line":146,"column":24}}],"line":140}},"s":{"0":1,"1":1,"2":1,"3":1,"4":0,"5":1,"6":1,"7":1,"8":1,"9":1,"10":1,"11":1,"12":0,"13":0,"14":0,"15":0,"16":0,"17":0,"18":0,"19":0},"f":{"0":0,"1":0,"2":0},"b":{"0":[0,0],"1":[0,0],"2":[0,0],"3":[0,0]},"_coverageSchema":"43e27e138ebf9cfc5966b082cf9a028302ed4184","hash":"e36ac8f1bdf78d1b23dbcfdfd677a2d0987ab1b2"}
,"C:\\Users\\Hubert\\Desktop\\ELO\\frontend\\src\\components\\Dropdown.tsx": {"path":"C:\\Users\\Hubert\\Desktop\\ELO\\frontend\\src\\components\\Dropdown.tsx","statementMap":{"0":{"start":{"line":7,"column":26},"end":{"line":30,"column":1}},"1":{"start":{"line":32,"column":24},"end":{"line":43,"column":1}},"2":{"start":{"line":52,"column":24},"end":{"line":141,"column":1}},"3":{"start":{"line":53,"column":104},"end":{"line":53,"column":131}},"4":{"start":{"line":54,"column":46},"end":{"line":54,"column":74}},"5":{"start":{"line":55,"column":22},"end":{"line":55,"column":77}},"6":{"start":{"line":55,"column":36},"end":{"line":55,"column":55}},"7":{"start":{"line":56,"column":48},"end":{"line":56,"column":75}},"8":{"start":{"line":57,"column":50},"end":{"line":57,"column":78}},"9":{"start":{"line":59,"column":24},"end":{"line":66,"column":3}},"10":{"start":{"line":60,"column":19},"end":{"line":60,"column":38}},"11":{"start":{"line":61,"column":4},"end":{"line":65,"column":5}},"12":{"start":{"line":62,"column":21},"end":{"line":62,"column":83}},"13":{"start":{"line":62,"column":54},"end":{"line":62,"column":81}},"14":{"start":{"line":63,"column":6},"end":{"line":63,"column":32}},"15":{"start":{"line":64,"column":6},"end":{"line":64,"column":28}},"16":{"start":{"line":68,"column":22},"end":{"line":75,"column":3}},"17":{"start":{"line":69,"column":19},"end":{"line":69,"column":38}},"18":{"start":{"line":71,"column":4},"end":{"line":71,"column":29}},"19":{"start":{"line":72,"column":4},"end":{"line":72,"column":45}},"20":{"start":{"line":74,"column":4},"end":{"line":74,"column":26}},"21":{"start":{"line":77,"column":2},"end":{"line":95,"column":36}},"22":{"start":{"line":78,"column":26},"end":{"line":93,"column":5}},"23":{"start":{"line":79,"column":30},"end":{"line":91,"column":7}},"24":{"start":{"line":81,"column":10},"end":{"line":90,"column":44}},"25":{"start":{"line":92,"column":6},"end":{"line":92,"column":42}},"26":{"start":{"line":94,"column":4},"end":{"line":94,"column":25}},"27":{"start":{"line":97,"column":2},"end":{"line":114,"column":24}},"28":{"start":{"line":98,"column":24},"end":{"line":112,"column":5}},"29":{"start":{"line":99,"column":28},"end":{"line":110,"column":7}},"30":{"start":{"line":100,"column":8},"end":{"line":109,"column":11}},"31":{"start":{"line":111,"column":6},"end":{"line":111,"column":41}},"32":{"start":{"line":113,"column":4},"end":{"line":113,"column":23}},"33":{"start":{"line":116,"column":2},"end":{"line":140,"column":4}},"34":{"start":{"line":123,"column":16},"end":{"line":125,"column":34}},"35":{"start":{"line":131,"column":16},"end":{"line":133,"column":34}}},"fnMap":{"0":{"name":"(anonymous_0)","decl":{"start":{"line":52,"column":24},"end":{"line":52,"column":25}},"loc":{"start":{"line":52,"column":97},"end":{"line":141,"column":1}},"line":52},"1":{"name":"(anonymous_1)","decl":{"start":{"line":55,"column":30},"end":{"line":55,"column":31}},"loc":{"start":{"line":55,"column":36},"end":{"line":55,"column":55}},"line":55},"2":{"name":"(anonymous_2)","decl":{"start":{"line":59,"column":24},"end":{"line":59,"column":25}},"loc":{"start":{"line":59,"column":47},"end":{"line":66,"column":3}},"line":59},"3":{"name":"(anonymous_3)","decl":{"start":{"line":62,"column":42},"end":{"line":62,"column":43}},"loc":{"start":{"line":62,"column":54},"end":{"line":62,"column":81}},"line":62},"4":{"name":"(anonymous_4)","decl":{"start":{"line":68,"column":22},"end":{"line":68,"column":23}},"loc":{"start":{"line":68,"column":45},"end":{"line":75,"column":3}},"line":68},"5":{"name":"(anonymous_5)","decl":{"start":{"line":77,"column":12},"end":{"line":77,"column":13}},"loc":{"start":{"line":77,"column":18},"end":{"line":95,"column":3}},"line":77},"6":{"name":"(anonymous_6)","decl":{"start":{"line":78,"column":26},"end":{"line":78,"column":27}},"loc":{"start":{"line":78,"column":45},"end":{"line":93,"column":5}},"line":78},"7":{"name":"(anonymous_7)","decl":{"start":{"line":80,"column":8},"end":{"line":80,"column":9}},"loc":{"start":{"line":81,"column":10},"end":{"line":90,"column":44}},"line":81},"8":{"name":"(anonymous_8)","decl":{"start":{"line":97,"column":12},"end":{"line":97,"column":13}},"loc":{"start":{"line":97,"column":18},"end":{"line":114,"column":3}},"line":97},"9":{"name":"(anonymous_9)","decl":{"start":{"line":98,"column":24},"end":{"line":98,"column":25}},"loc":{"start":{"line":98,"column":43},"end":{"line":112,"column":5}},"line":98},"10":{"name":"(anonymous_10)","decl":{"start":{"line":99,"column":44},"end":{"line":99,"column":45}},"loc":{"start":{"line":100,"column":8},"end":{"line":109,"column":11}},"line":100},"11":{"name":"(anonymous_11)","decl":{"start":{"line":122,"column":36},"end":{"line":122,"column":37}},"loc":{"start":{"line":123,"column":16},"end":{"line":125,"column":34}},"line":123},"12":{"name":"(anonymous_12)","decl":{"start":{"line":130,"column":35},"end":{"line":130,"column":36}},"loc":{"start":{"line":131,"column":16},"end":{"line":133,"column":34}},"line":131}},"branchMap":{"0":{"loc":{"start":{"line":61,"column":4},"end":{"line":65,"column":5}},"type":"if","locations":[{"start":{"line":61,"column":4},"end":{"line":65,"column":5}},{"start":{"line":61,"column":4},"end":{"line":65,"column":5}}],"line":61},"1":{"loc":{"start":{"line":61,"column":8},"end":{"line":61,"column":39}},"type":"binary-expr","locations":[{"start":{"line":61,"column":8},"end":{"line":61,"column":17}},{"start":{"line":61,"column":21},"end":{"line":61,"column":39}}],"line":61},"2":{"loc":{"start":{"line":81,"column":10},"end":{"line":90,"column":44}},"type":"binary-expr","locations":[{"start":{"line":81,"column":10},"end":{"line":90,"column":13}},{"start":{"line":90,"column":17},"end":{"line":90,"column":44}}],"line":81},"3":{"loc":{"start":{"line":118,"column":7},"end":{"line":138,"column":7}},"type":"binary-expr","locations":[{"start":{"line":118,"column":7},"end":{"line":118,"column":11}},{"start":{"line":119,"column":8},"end":{"line":137,"column":11}}],"line":118},"4":{"loc":{"start":{"line":120,"column":11},"end":{"line":136,"column":11}},"type":"cond-expr","locations":[{"start":{"line":121,"column":12},"end":{"line":127,"column":18}},{"start":{"line":129,"column":12},"end":{"line":135,"column":18}}],"line":120}},"s":{"0":4,"1":4,"2":4,"3":12,"4":12,"5":12,"6":8,"7":12,"8":12,"9":12,"10":0,"11":0,"12":0,"13":0,"14":0,"15":0,"16":12,"17":0,"18":0,"19":0,"20":0,"21":12,"22":8,"23":8,"24":0,"25":8,"26":8,"27":12,"28":4,"29":4,"30":0,"31":4,"32":4,"33":12,"34":0,"35":0},"f":{"0":12,"1":8,"2":0,"3":0,"4":0,"5":8,"6":8,"7":0,"8":4,"9":4,"10":0,"11":0,"12":0},"b":{"0":[0,0],"1":[0,0],"2":[0,0],"3":[12,0],"4":[0,0]},"_coverageSchema":"43e27e138ebf9cfc5966b082cf9a028302ed4184","hash":"d8bef433605ec7ee2fe1e4fbdc085e2cde305b3c"}
,"C:\\Users\\Hubert\\Desktop\\ELO\\frontend\\src\\components\\Profile.tsx": {"path":"C:\\Users\\Hubert\\Desktop\\ELO\\frontend\\src\\components\\Profile.tsx","statementMap":{"0":{"start":{"line":10,"column":23},"end":{"line":19,"column":1}},"1":{"start":{"line":11,"column":21},"end":{"line":11,"column":44}},"2":{"start":{"line":13,"column":2},"end":{"line":18,"column":4}}},"fnMap":{"0":{"name":"(anonymous_0)","decl":{"start":{"line":10,"column":23},"end":{"line":10,"column":24}},"loc":{"start":{"line":10,"column":68},"end":{"line":19,"column":1}},"line":10}},"branchMap":{},"s":{"0":4,"1":8,"2":8},"f":{"0":8},"b":{},"_coverageSchema":"43e27e138ebf9cfc5966b082cf9a028302ed4184","hash":"ec66221cb04e9372912cba2b24ba595b7d6ed249"}
,"C:\\Users\\Hubert\\Desktop\\ELO\\frontend\\src\\components\\Rightbar.tsx": {"path":"C:\\Users\\Hubert\\Desktop\\ELO\\frontend\\src\\components\\Rightbar.tsx","statementMap":{"0":{"start":{"line":7,"column":24},"end":{"line":27,"column":1}},"1":{"start":{"line":28,"column":19},"end":{"line":48,"column":1}},"2":{"start":{"line":50,"column":24},"end":{"line":63,"column":1}},"3":{"start":{"line":51,"column":54},"end":{"line":51,"column":81}},"4":{"start":{"line":53,"column":24},"end":{"line":53,"column":45}},"5":{"start":{"line":54,"column":21},"end":{"line":54,"column":60}},"6":{"start":{"line":54,"column":36},"end":{"line":54,"column":54}},"7":{"start":{"line":55,"column":2},"end":{"line":62,"column":4}},"8":{"start":{"line":59,"column":8},"end":{"line":59,"column":54}}},"fnMap":{"0":{"name":"(anonymous_0)","decl":{"start":{"line":50,"column":24},"end":{"line":50,"column":25}},"loc":{"start":{"line":50,"column":30},"end":{"line":63,"column":1}},"line":50},"1":{"name":"(anonymous_1)","decl":{"start":{"line":54,"column":30},"end":{"line":54,"column":31}},"loc":{"start":{"line":54,"column":36},"end":{"line":54,"column":54}},"line":54},"2":{"name":"(anonymous_2)","decl":{"start":{"line":58,"column":25},"end":{"line":58,"column":26}},"loc":{"start":{"line":59,"column":8},"end":{"line":59,"column":54}},"line":59}},"branchMap":{},"s":{"0":2,"1":2,"2":2,"3":4,"4":4,"5":4,"6":0,"7":4,"8":0},"f":{"0":4,"1":0,"2":0},"b":{},"_coverageSchema":"43e27e138ebf9cfc5966b082cf9a028302ed4184","hash":"191520d1b7a236ea68d1b699cc6412b7bf62103f"}
,"C:\\Users\\Hubert\\Desktop\\ELO\\frontend\\src\\components\\Scheduler.tsx": {"path":"C:\\Users\\Hubert\\Desktop\\ELO\\frontend\\src\\components\\Scheduler.tsx","statementMap":{"0":{"start":{"line":8,"column":25},"end":{"line":20,"column":1}},"1":{"start":{"line":22,"column":18},"end":{"line":28,"column":1}},"2":{"start":{"line":30,"column":17},"end":{"line":33,"column":1}},"3":{"start":{"line":35,"column":18},"end":{"line":39,"column":1}},"4":{"start":{"line":46,"column":18},"end":{"line":63,"column":1}},"5":{"start":{"line":47,"column":40},"end":{"line":47,"column":62}},"6":{"start":{"line":48,"column":40},"end":{"line":48,"column":81}},"7":{"start":{"line":52,"column":44},"end":{"line":52,"column":80}},"8":{"start":{"line":53,"column":33},"end":{"line":53,"column":57}},"9":{"start":{"line":54,"column":41},"end":{"line":54,"column":70}},"10":{"start":{"line":55,"column":51},"end":{"line":55,"column":92}},"11":{"start":{"line":69,"column":25},"end":{"line":135,"column":1}},"12":{"start":{"line":70,"column":18},"end":{"line":70,"column":46}},"13":{"start":{"line":71,"column":36},"end":{"line":71,"column":47}},"14":{"start":{"line":72,"column":38},"end":{"line":72,"column":49}},"15":{"start":{"line":74,"column":2},"end":{"line":84,"column":9}},"16":{"start":{"line":75,"column":25},"end":{"line":80,"column":5}},"17":{"start":{"line":76,"column":6},"end":{"line":79,"column":7}},"18":{"start":{"line":77,"column":8},"end":{"line":77,"column":68}},"19":{"start":{"line":78,"column":8},"end":{"line":78,"column":70}},"20":{"start":{"line":81,"column":4},"end":{"line":81,"column":19}},"21":{"start":{"line":82,"column":4},"end":{"line":82,"column":52}},"22":{"start":{"line":83,"column":4},"end":{"line":83,"column":68}},"23":{"start":{"line":83,"column":17},"end":{"line":83,"column":67}},"24":{"start":{"line":86,"column":2},"end":{"line":134,"column":4}},"25":{"start":{"line":90,"column":10},"end":{"line":98,"column":11}},"26":{"start":{"line":103,"column":10},"end":{"line":129,"column":21}},"27":{"start":{"line":105,"column":14},"end":{"line":127,"column":15}}},"fnMap":{"0":{"name":"(anonymous_0)","decl":{"start":{"line":47,"column":18},"end":{"line":47,"column":19}},"loc":{"start":{"line":47,"column":40},"end":{"line":47,"column":62}},"line":47},"1":{"name":"(anonymous_1)","decl":{"start":{"line":48,"column":18},"end":{"line":48,"column":19}},"loc":{"start":{"line":48,"column":40},"end":{"line":48,"column":81}},"line":48},"2":{"name":"(anonymous_2)","decl":{"start":{"line":52,"column":21},"end":{"line":52,"column":22}},"loc":{"start":{"line":52,"column":44},"end":{"line":52,"column":80}},"line":52},"3":{"name":"(anonymous_3)","decl":{"start":{"line":53,"column":10},"end":{"line":53,"column":11}},"loc":{"start":{"line":53,"column":33},"end":{"line":53,"column":57}},"line":53},"4":{"name":"(anonymous_4)","decl":{"start":{"line":54,"column":18},"end":{"line":54,"column":19}},"loc":{"start":{"line":54,"column":41},"end":{"line":54,"column":70}},"line":54},"5":{"name":"(anonymous_5)","decl":{"start":{"line":55,"column":16},"end":{"line":55,"column":17}},"loc":{"start":{"line":55,"column":51},"end":{"line":55,"column":92}},"line":55},"6":{"name":"(anonymous_6)","decl":{"start":{"line":69,"column":25},"end":{"line":69,"column":26}},"loc":{"start":{"line":69,"column":66},"end":{"line":135,"column":1}},"line":69},"7":{"name":"(anonymous_7)","decl":{"start":{"line":74,"column":18},"end":{"line":74,"column":19}},"loc":{"start":{"line":74,"column":24},"end":{"line":84,"column":3}},"line":74},"8":{"name":"(anonymous_8)","decl":{"start":{"line":75,"column":25},"end":{"line":75,"column":26}},"loc":{"start":{"line":75,"column":31},"end":{"line":80,"column":5}},"line":75},"9":{"name":"(anonymous_9)","decl":{"start":{"line":83,"column":11},"end":{"line":83,"column":12}},"loc":{"start":{"line":83,"column":17},"end":{"line":83,"column":67}},"line":83},"10":{"name":"(anonymous_10)","decl":{"start":{"line":89,"column":18},"end":{"line":89,"column":19}},"loc":{"start":{"line":90,"column":10},"end":{"line":98,"column":11}},"line":90},"11":{"name":"(anonymous_11)","decl":{"start":{"line":102,"column":19},"end":{"line":102,"column":20}},"loc":{"start":{"line":103,"column":10},"end":{"line":129,"column":21}},"line":103},"12":{"name":"(anonymous_12)","decl":{"start":{"line":104,"column":44},"end":{"line":104,"column":45}},"loc":{"start":{"line":105,"column":14},"end":{"line":127,"column":15}},"line":105}},"branchMap":{"0":{"loc":{"start":{"line":47,"column":40},"end":{"line":47,"column":62}},"type":"binary-expr","locations":[{"start":{"line":47,"column":40},"end":{"line":47,"column":53}},{"start":{"line":47,"column":57},"end":{"line":47,"column":62}}],"line":47},"1":{"loc":{"start":{"line":48,"column":40},"end":{"line":48,"column":81}},"type":"binary-expr","locations":[{"start":{"line":48,"column":40},"end":{"line":48,"column":53}},{"start":{"line":48,"column":57},"end":{"line":48,"column":81}}],"line":48},"2":{"loc":{"start":{"line":52,"column":44},"end":{"line":52,"column":80}},"type":"cond-expr","locations":[{"start":{"line":52,"column":59},"end":{"line":52,"column":69}},{"start":{"line":52,"column":72},"end":{"line":52,"column":80}}],"line":52},"3":{"loc":{"start":{"line":53,"column":33},"end":{"line":53,"column":57}},"type":"cond-expr","locations":[{"start":{"line":53,"column":48},"end":{"line":53,"column":51}},{"start":{"line":53,"column":54},"end":{"line":53,"column":57}}],"line":53},"4":{"loc":{"start":{"line":54,"column":41},"end":{"line":54,"column":70}},"type":"cond-expr","locations":[{"start":{"line":54,"column":56},"end":{"line":54,"column":62}},{"start":{"line":54,"column":65},"end":{"line":54,"column":70}}],"line":54},"5":{"loc":{"start":{"line":55,"column":51},"end":{"line":55,"column":92}},"type":"cond-expr","locations":[{"start":{"line":55,"column":66},"end":{"line":55,"column":84}},{"start":{"line":55,"column":87},"end":{"line":55,"column":92}}],"line":55},"6":{"loc":{"start":{"line":76,"column":6},"end":{"line":79,"column":7}},"type":"if","locations":[{"start":{"line":76,"column":6},"end":{"line":79,"column":7}},{"start":{"line":76,"column":6},"end":{"line":79,"column":7}}],"line":76},"7":{"loc":{"start":{"line":90,"column":10},"end":{"line":98,"column":11}},"type":"cond-expr","locations":[{"start":{"line":91,"column":12},"end":{"line":93,"column":24}},{"start":{"line":95,"column":12},"end":{"line":97,"column":24}}],"line":90},"8":{"loc":{"start":{"line":105,"column":14},"end":{"line":127,"column":15}},"type":"cond-expr","locations":[{"start":{"line":106,"column":16},"end":{"line":108,"column":28}},{"start":{"line":109,"column":18},"end":{"line":127,"column":15}}],"line":105},"9":{"loc":{"start":{"line":109,"column":18},"end":{"line":127,"column":15}},"type":"cond-expr","locations":[{"start":{"line":110,"column":16},"end":{"line":112,"column":28}},{"start":{"line":113,"column":18},"end":{"line":127,"column":15}}],"line":109},"10":{"loc":{"start":{"line":109,"column":18},"end":{"line":109,"column":51}},"type":"binary-expr","locations":[{"start":{"line":109,"column":18},"end":{"line":109,"column":32}},{"start":{"line":109,"column":36},"end":{"line":109,"column":51}}],"line":109},"11":{"loc":{"start":{"line":113,"column":18},"end":{"line":127,"column":15}},"type":"cond-expr","locations":[{"start":{"line":114,"column":16},"end":{"line":116,"column":28}},{"start":{"line":117,"column":18},"end":{"line":127,"column":15}}],"line":113},"12":{"loc":{"start":{"line":117,"column":18},"end":{"line":127,"column":15}},"type":"cond-expr","locations":[{"start":{"line":118,"column":16},"end":{"line":120,"column":28}},{"start":{"line":121,"column":18},"end":{"line":127,"column":15}}],"line":117},"13":{"loc":{"start":{"line":121,"column":18},"end":{"line":127,"column":15}},"type":"cond-expr","locations":[{"start":{"line":122,"column":16},"end":{"line":124,"column":28}},{"start":{"line":126,"column":16},"end":{"line":126,"column":78}}],"line":121}},"s":{"0":1,"1":1,"2":1,"3":1,"4":1,"5":0,"6":0,"7":0,"8":0,"9":0,"10":0,"11":1,"12":0,"13":0,"14":0,"15":0,"16":0,"17":0,"18":0,"19":0,"20":0,"21":0,"22":0,"23":0,"24":0,"25":0,"26":0,"27":0},"f":{"0":0,"1":0,"2":0,"3":0,"4":0,"5":0,"6":0,"7":0,"8":0,"9":0,"10":0,"11":0,"12":0},"b":{"0":[0,0],"1":[0,0],"2":[0,0],"3":[0,0],"4":[0,0],"5":[0,0],"6":[0,0],"7":[0,0],"8":[0,0],"9":[0,0],"10":[0,0],"11":[0,0],"12":[0,0],"13":[0,0]},"_coverageSchema":"43e27e138ebf9cfc5966b082cf9a028302ed4184","hash":"3d0e2c4ec4abad4a1f3ce09330e35b2305b2a4d6"}
,"C:\\Users\\Hubert\\Desktop\\ELO\\frontend\\src\\components\\SchedulerEvents.tsx": {"path":"C:\\Users\\Hubert\\Desktop\\ELO\\frontend\\src\\components\\SchedulerEvents.tsx","statementMap":{"0":{"start":{"line":14,"column":31},"end":{"line":44,"column":1}},"1":{"start":{"line":16,"column":2},"end":{"line":43,"column":4}},"2":{"start":{"line":19,"column":8},"end":{"line":40,"column":10}}},"fnMap":{"0":{"name":"(anonymous_0)","decl":{"start":{"line":14,"column":31},"end":{"line":14,"column":32}},"loc":{"start":{"line":14,"column":100},"end":{"line":44,"column":1}},"line":14},"1":{"name":"(anonymous_1)","decl":{"start":{"line":18,"column":34},"end":{"line":18,"column":35}},"loc":{"start":{"line":19,"column":8},"end":{"line":40,"column":10}},"line":19}},"branchMap":{"0":{"loc":{"start":{"line":24,"column":12},"end":{"line":36,"column":17}},"type":"cond-expr","locations":[{"start":{"line":25,"column":16},"end":{"line":25,"column":30}},{"start":{"line":26,"column":16},"end":{"line":36,"column":17}}],"line":24},"1":{"loc":{"start":{"line":26,"column":16},"end":{"line":36,"column":17}},"type":"cond-expr","locations":[{"start":{"line":27,"column":16},"end":{"line":27,"column":30}},{"start":{"line":28,"column":16},"end":{"line":36,"column":17}}],"line":26},"2":{"loc":{"start":{"line":28,"column":16},"end":{"line":36,"column":17}},"type":"cond-expr","locations":[{"start":{"line":29,"column":16},"end":{"line":29,"column":32}},{"start":{"line":30,"column":16},"end":{"line":36,"column":17}}],"line":28},"3":{"loc":{"start":{"line":30,"column":16},"end":{"line":36,"column":17}},"type":"cond-expr","locations":[{"start":{"line":31,"column":16},"end":{"line":31,"column":33}},{"start":{"line":32,"column":16},"end":{"line":36,"column":17}}],"line":30},"4":{"loc":{"start":{"line":32,"column":16},"end":{"line":36,"column":17}},"type":"cond-expr","locations":[{"start":{"line":33,"column":16},"end":{"line":33,"column":31}},{"start":{"line":34,"column":16},"end":{"line":36,"column":17}}],"line":32},"5":{"loc":{"start":{"line":34,"column":16},"end":{"line":36,"column":17}},"type":"cond-expr","locations":[{"start":{"line":35,"column":16},"end":{"line":35,"column":33}},{"start":{"line":36,"column":16},"end":{"line":36,"column":17}}],"line":34}},"s":{"0":1,"1":0,"2":0},"f":{"0":0,"1":0},"b":{"0":[0,0],"1":[0,0],"2":[0,0],"3":[0,0],"4":[0,0],"5":[0,0]},"_coverageSchema":"43e27e138ebf9cfc5966b082cf9a028302ed4184","hash":"df37ecab9f336046476a53a7a51354480e9a3e60"}
,"C:\\Users\\Hubert\\Desktop\\ELO\\frontend\\src\\components\\SchedulerHistory.tsx": {"path":"C:\\Users\\Hubert\\Desktop\\ELO\\frontend\\src\\components\\SchedulerHistory.tsx","statementMap":{"0":{"start":{"line":8,"column":16},"end":{"line":12,"column":1}},"1":{"start":{"line":18,"column":32},"end":{"line":54,"column":1}},"2":{"start":{"line":19,"column":66},"end":{"line":19,"column":93}},"3":{"start":{"line":20,"column":50},"end":{"line":20,"column":121}},"4":{"start":{"line":21,"column":22},"end":{"line":21,"column":71}},"5":{"start":{"line":23,"column":36},"end":{"line":27,"column":3}},"6":{"start":{"line":24,"column":4},"end":{"line":26,"column":5}},"7":{"start":{"line":25,"column":6},"end":{"line":25,"column":74}},"8":{"start":{"line":25,"column":48},"end":{"line":25,"column":72}},"9":{"start":{"line":29,"column":30},"end":{"line":33,"column":3}},"10":{"start":{"line":30,"column":4},"end":{"line":32,"column":5}},"11":{"start":{"line":31,"column":6},"end":{"line":31,"column":74}},"12":{"start":{"line":31,"column":48},"end":{"line":31,"column":72}},"13":{"start":{"line":35,"column":2},"end":{"line":44,"column":42}},"14":{"start":{"line":36,"column":22},"end":{"line":36,"column":56}},"15":{"start":{"line":37,"column":4},"end":{"line":43,"column":5}},"16":{"start":{"line":38,"column":25},"end":{"line":38,"column":34}},"17":{"start":{"line":39,"column":6},"end":{"line":39,"column":48}},"18":{"start":{"line":42,"column":6},"end":{"line":42,"column":44}},"19":{"start":{"line":46,"column":2},"end":{"line":53,"column":4}}},"fnMap":{"0":{"name":"(anonymous_0)","decl":{"start":{"line":18,"column":32},"end":{"line":18,"column":33}},"loc":{"start":{"line":18,"column":84},"end":{"line":54,"column":1}},"line":18},"1":{"name":"(anonymous_1)","decl":{"start":{"line":23,"column":36},"end":{"line":23,"column":37}},"loc":{"start":{"line":23,"column":55},"end":{"line":27,"column":3}},"line":23},"2":{"name":"(anonymous_2)","decl":{"start":{"line":25,"column":26},"end":{"line":25,"column":27}},"loc":{"start":{"line":25,"column":48},"end":{"line":25,"column":72}},"line":25},"3":{"name":"(anonymous_3)","decl":{"start":{"line":29,"column":30},"end":{"line":29,"column":31}},"loc":{"start":{"line":29,"column":49},"end":{"line":33,"column":3}},"line":29},"4":{"name":"(anonymous_4)","decl":{"start":{"line":31,"column":26},"end":{"line":31,"column":27}},"loc":{"start":{"line":31,"column":48},"end":{"line":31,"column":72}},"line":31},"5":{"name":"(anonymous_5)","decl":{"start":{"line":35,"column":12},"end":{"line":35,"column":13}},"loc":{"start":{"line":35,"column":18},"end":{"line":44,"column":3}},"line":35}},"branchMap":{"0":{"loc":{"start":{"line":20,"column":59},"end":{"line":20,"column":120}},"type":"cond-expr","locations":[{"start":{"line":20,"column":89},"end":{"line":20,"column":90}},{"start":{"line":20,"column":93},"end":{"line":20,"column":120}}],"line":20},"1":{"loc":{"start":{"line":24,"column":4},"end":{"line":26,"column":5}},"type":"if","locations":[{"start":{"line":24,"column":4},"end":{"line":26,"column":5}},{"start":{"line":24,"column":4},"end":{"line":26,"column":5}}],"line":24},"2":{"loc":{"start":{"line":30,"column":4},"end":{"line":32,"column":5}},"type":"if","locations":[{"start":{"line":30,"column":4},"end":{"line":32,"column":5}},{"start":{"line":30,"column":4},"end":{"line":32,"column":5}}],"line":30},"3":{"loc":{"start":{"line":37,"column":4},"end":{"line":43,"column":5}},"type":"if","locations":[{"start":{"line":37,"column":4},"end":{"line":43,"column":5}},{"start":{"line":37,"column":4},"end":{"line":43,"column":5}}],"line":37},"4":{"loc":{"start":{"line":48,"column":7},"end":{"line":50,"column":7}},"type":"binary-expr","locations":[{"start":{"line":48,"column":7},"end":{"line":48,"column":34}},{"start":{"line":49,"column":8},"end":{"line":49,"column":164}}],"line":48}},"s":{"0":1,"1":1,"2":0,"3":0,"4":0,"5":0,"6":0,"7":0,"8":0,"9":0,"10":0,"11":0,"12":0,"13":0,"14":0,"15":0,"16":0,"17":0,"18":0,"19":0},"f":{"0":0,"1":0,"2":0,"3":0,"4":0,"5":0},"b":{"0":[0,0],"1":[0,0],"2":[0,0],"3":[0,0],"4":[0,0]},"_coverageSchema":"43e27e138ebf9cfc5966b082cf9a028302ed4184","hash":"3f5b82cd401708d20eb1e01cd5a52b19eac6fdc6"}
,"C:\\Users\\Hubert\\Desktop\\ELO\\frontend\\src\\components\\SchedulerHistoryNavigation.tsx": {"path":"C:\\Users\\Hubert\\Desktop\\ELO\\frontend\\src\\components\\SchedulerHistoryNavigation.tsx","statementMap":{"0":{"start":{"line":11,"column":16},"end":{"line":16,"column":1}},"1":{"start":{"line":18,"column":21},"end":{"line":36,"column":1}},"2":{"start":{"line":38,"column":20},"end":{"line":40,"column":1}},"3":{"start":{"line":43,"column":19},"end":{"line":54,"column":1}},"4":{"start":{"line":62,"column":42},"end":{"line":89,"column":1}},"5":{"start":{"line":68,"column":2},"end":{"line":88,"column":4}},"6":{"start":{"line":73,"column":10},"end":{"line":73,"column":40}},"7":{"start":{"line":82,"column":10},"end":{"line":82,"column":33}}},"fnMap":{"0":{"name":"(anonymous_0)","decl":{"start":{"line":62,"column":42},"end":{"line":62,"column":43}},"loc":{"start":{"line":66,"column":39},"end":{"line":89,"column":1}},"line":66},"1":{"name":"(anonymous_1)","decl":{"start":{"line":72,"column":17},"end":{"line":72,"column":18}},"loc":{"start":{"line":72,"column":23},"end":{"line":74,"column":9}},"line":72},"2":{"name":"(anonymous_2)","decl":{"start":{"line":81,"column":17},"end":{"line":81,"column":18}},"loc":{"start":{"line":81,"column":23},"end":{"line":83,"column":9}},"line":81}},"branchMap":{},"s":{"0":1,"1":1,"2":1,"3":1,"4":1,"5":0,"6":0,"7":0},"f":{"0":0,"1":0,"2":0},"b":{},"_coverageSchema":"43e27e138ebf9cfc5966b082cf9a028302ed4184","hash":"677842448d2f63a90c4acab50c184ede5e4311b7"}
,"C:\\Users\\Hubert\\Desktop\\ELO\\frontend\\src\\components\\SchedulerRow.tsx": {"path":"C:\\Users\\Hubert\\Desktop\\ELO\\frontend\\src\\components\\SchedulerRow.tsx","statementMap":{"0":{"start":{"line":9,"column":18},"end":{"line":20,"column":1}},"1":{"start":{"line":10,"column":2},"end":{"line":19,"column":4}},"2":{"start":{"line":22,"column":20},"end":{"line":25,"column":1}},"3":{"start":{"line":34,"column":31},"end":{"line":43,"column":1}},"4":{"start":{"line":37,"column":25},"end":{"line":37,"column":31}},"5":{"start":{"line":38,"column":41},"end":{"line":38,"column":89}},"6":{"start":{"line":39,"column":30},"end":{"line":39,"column":44}},"7":{"start":{"line":40,"column":32},"end":{"line":40,"column":46}},"8":{"start":{"line":52,"column":29},"end":{"line":81,"column":1}},"9":{"start":{"line":61,"column":32},"end":{"line":61,"column":46}},"10":{"start":{"line":62,"column":30},"end":{"line":62,"column":49}},"11":{"start":{"line":67,"column":4},"end":{"line":71,"column":5}},"12":{"start":{"line":68,"column":6},"end":{"line":68,"column":59}},"13":{"start":{"line":70,"column":6},"end":{"line":70,"column":59}},"14":{"start":{"line":74,"column":4},"end":{"line":77,"column":5}},"15":{"start":{"line":83,"column":20},"end":{"line":89,"column":1}},"16":{"start":{"line":84,"column":2},"end":{"line":88,"column":4}},"17":{"start":{"line":95,"column":22},"end":{"line":99,"column":1}},"18":{"start":{"line":98,"column":21},"end":{"line":98,"column":43}},"19":{"start":{"line":101,"column":18},"end":{"line":110,"column":1}},"20":{"start":{"line":112,"column":20},"end":{"line":118,"column":1}},"21":{"start":{"line":128,"column":24},"end":{"line":134,"column":1}},"22":{"start":{"line":129,"column":28},"end":{"line":129,"column":60}},"23":{"start":{"line":130,"column":2},"end":{"line":132,"column":3}},"24":{"start":{"line":131,"column":4},"end":{"line":131,"column":30}},"25":{"start":{"line":133,"column":2},"end":{"line":133,"column":22}},"26":{"start":{"line":136,"column":28},"end":{"line":247,"column":1}},"27":{"start":{"line":137,"column":27},"end":{"line":137,"column":54}},"28":{"start":{"line":138,"column":18},"end":{"line":138,"column":29}},"29":{"start":{"line":139,"column":23},"end":{"line":139,"column":46}},"30":{"start":{"line":140,"column":34},"end":{"line":140,"column":77}},"31":{"start":{"line":141,"column":36},"end":{"line":141,"column":65}},"32":{"start":{"line":143,"column":28},"end":{"line":146,"column":3}},"33":{"start":{"line":144,"column":4},"end":{"line":144,"column":37}},"34":{"start":{"line":145,"column":4},"end":{"line":145,"column":41}},"35":{"start":{"line":148,"column":29},"end":{"line":151,"column":3}},"36":{"start":{"line":149,"column":4},"end":{"line":149,"column":23}},"37":{"start":{"line":150,"column":4},"end":{"line":150,"column":22}},"38":{"start":{"line":152,"column":2},"end":{"line":153,"column":17}},"39":{"start":{"line":154,"column":15},"end":{"line":154,"column":32}},"40":{"start":{"line":155,"column":13},"end":{"line":155,"column":48}},"41":{"start":{"line":157,"column":2},"end":{"line":246,"column":4}},"42":{"start":{"line":160,"column":8},"end":{"line":243,"column":33}},"43":{"start":{"line":170,"column":14},"end":{"line":241,"column":15}},"44":{"start":{"line":182,"column":36},"end":{"line":182,"column":56}}},"fnMap":{"0":{"name":"(anonymous_0)","decl":{"start":{"line":9,"column":29},"end":{"line":9,"column":30}},"loc":{"start":{"line":10,"column":2},"end":{"line":19,"column":4}},"line":10},"1":{"name":"(anonymous_1)","decl":{"start":{"line":37,"column":9},"end":{"line":37,"column":10}},"loc":{"start":{"line":37,"column":25},"end":{"line":37,"column":31}},"line":37},"2":{"name":"(anonymous_2)","decl":{"start":{"line":38,"column":10},"end":{"line":38,"column":11}},"loc":{"start":{"line":38,"column":41},"end":{"line":38,"column":89}},"line":38},"3":{"name":"(anonymous_3)","decl":{"start":{"line":39,"column":11},"end":{"line":39,"column":12}},"loc":{"start":{"line":39,"column":30},"end":{"line":39,"column":44}},"line":39},"4":{"name":"(anonymous_4)","decl":{"start":{"line":40,"column":12},"end":{"line":40,"column":13}},"loc":{"start":{"line":40,"column":32},"end":{"line":40,"column":46}},"line":40},"5":{"name":"(anonymous_5)","decl":{"start":{"line":61,"column":12},"end":{"line":61,"column":13}},"loc":{"start":{"line":61,"column":32},"end":{"line":61,"column":46}},"line":61},"6":{"name":"(anonymous_6)","decl":{"start":{"line":62,"column":11},"end":{"line":62,"column":12}},"loc":{"start":{"line":62,"column":30},"end":{"line":62,"column":49}},"line":62},"7":{"name":"(anonymous_7)","decl":{"start":{"line":66,"column":22},"end":{"line":66,"column":23}},"loc":{"start":{"line":66,"column":52},"end":{"line":72,"column":3}},"line":66},"8":{"name":"(anonymous_8)","decl":{"start":{"line":73,"column":4},"end":{"line":73,"column":5}},"loc":{"start":{"line":74,"column":4},"end":{"line":77,"column":5}},"line":74},"9":{"name":"(anonymous_9)","decl":{"start":{"line":83,"column":20},"end":{"line":83,"column":21}},"loc":{"start":{"line":83,"column":26},"end":{"line":89,"column":1}},"line":83},"10":{"name":"(anonymous_10)","decl":{"start":{"line":98,"column":4},"end":{"line":98,"column":5}},"loc":{"start":{"line":98,"column":21},"end":{"line":98,"column":43}},"line":98},"11":{"name":"(anonymous_11)","decl":{"start":{"line":128,"column":24},"end":{"line":128,"column":25}},"loc":{"start":{"line":128,"column":59},"end":{"line":134,"column":1}},"line":128},"12":{"name":"(anonymous_12)","decl":{"start":{"line":136,"column":28},"end":{"line":136,"column":29}},"loc":{"start":{"line":136,"column":104},"end":{"line":247,"column":1}},"line":136},"13":{"name":"(anonymous_13)","decl":{"start":{"line":143,"column":28},"end":{"line":143,"column":29}},"loc":{"start":{"line":143,"column":90},"end":{"line":146,"column":3}},"line":143},"14":{"name":"(anonymous_14)","decl":{"start":{"line":148,"column":29},"end":{"line":148,"column":30}},"loc":{"start":{"line":148,"column":53},"end":{"line":151,"column":3}},"line":148},"15":{"name":"(anonymous_15)","decl":{"start":{"line":152,"column":12},"end":{"line":152,"column":13}},"loc":{"start":{"line":152,"column":18},"end":{"line":153,"column":3}},"line":152},"16":{"name":"(anonymous_16)","decl":{"start":{"line":159,"column":40},"end":{"line":159,"column":41}},"loc":{"start":{"line":160,"column":8},"end":{"line":243,"column":33}},"line":160},"17":{"name":"(anonymous_17)","decl":{"start":{"line":169,"column":12},"end":{"line":169,"column":13}},"loc":{"start":{"line":170,"column":14},"end":{"line":241,"column":15}},"line":170},"18":{"name":"(anonymous_18)","decl":{"start":{"line":182,"column":29},"end":{"line":182,"column":30}},"loc":{"start":{"line":182,"column":36},"end":{"line":182,"column":56}},"line":182},"19":{"name":"(anonymous_19)","decl":{"start":{"line":221,"column":102},"end":{"line":221,"column":103}},"loc":{"start":{"line":221,"column":108},"end":{"line":221,"column":110}},"line":221}},"branchMap":{"0":{"loc":{"start":{"line":67,"column":4},"end":{"line":71,"column":5}},"type":"if","locations":[{"start":{"line":67,"column":4},"end":{"line":71,"column":5}},{"start":{"line":67,"column":4},"end":{"line":71,"column":5}}],"line":67},"1":{"loc":{"start":{"line":68,"column":13},"end":{"line":68,"column":58}},"type":"cond-expr","locations":[{"start":{"line":68,"column":37},"end":{"line":68,"column":46}},{"start":{"line":68,"column":49},"end":{"line":68,"column":58}}],"line":68},"2":{"loc":{"start":{"line":70,"column":13},"end":{"line":70,"column":58}},"type":"cond-expr","locations":[{"start":{"line":70,"column":37},"end":{"line":70,"column":46}},{"start":{"line":70,"column":49},"end":{"line":70,"column":58}}],"line":70},"3":{"loc":{"start":{"line":74,"column":4},"end":{"line":77,"column":5}},"type":"binary-expr","locations":[{"start":{"line":74,"column":4},"end":{"line":74,"column":13}},{"start":{"line":75,"column":4},"end":{"line":77,"column":5}}],"line":74},"4":{"loc":{"start":{"line":98,"column":21},"end":{"line":98,"column":43}},"type":"binary-expr","locations":[{"start":{"line":98,"column":21},"end":{"line":98,"column":28}},{"start":{"line":98,"column":32},"end":{"line":98,"column":43}}],"line":98},"5":{"loc":{"start":{"line":155,"column":13},"end":{"line":155,"column":48}},"type":"cond-expr","locations":[{"start":{"line":155,"column":20},"end":{"line":155,"column":36}},{"start":{"line":155,"column":39},"end":{"line":155,"column":48}}],"line":155},"6":{"loc":{"start":{"line":170,"column":14},"end":{"line":241,"column":15}},"type":"binary-expr","locations":[{"start":{"line":170,"column":14},"end":{"line":170,"column":38}},{"start":{"line":171,"column":16},"end":{"line":240,"column":27}}],"line":170},"7":{"loc":{"start":{"line":180,"column":31},"end":{"line":180,"column":70}},"type":"cond-expr","locations":[{"start":{"line":180,"column":38},"end":{"line":180,"column":58}},{"start":{"line":180,"column":61},"end":{"line":180,"column":70}}],"line":180},"8":{"loc":{"start":{"line":186,"column":23},"end":{"line":199,"column":23}},"type":"cond-expr","locations":[{"start":{"line":187,"column":24},"end":{"line":192,"column":38}},{"start":{"line":194,"column":24},"end":{"line":198,"column":38}}],"line":186}},"s":{"0":1,"1":0,"2":1,"3":1,"4":0,"5":0,"6":0,"7":0,"8":1,"9":0,"10":0,"11":0,"12":0,"13":0,"14":0,"15":1,"16":0,"17":1,"18":0,"19":1,"20":1,"21":1,"22":0,"23":0,"24":0,"25":0,"26":1,"27":0,"28":0,"29":0,"30":0,"31":0,"32":0,"33":0,"34":0,"35":0,"36":0,"37":0,"38":0,"39":0,"40":0,"41":0,"42":0,"43":0,"44":0},"f":{"0":0,"1":0,"2":0,"3":0,"4":0,"5":0,"6":0,"7":0,"8":0,"9":0,"10":0,"11":0,"12":0,"13":0,"14":0,"15":0,"16":0,"17":0,"18":0,"19":0},"b":{"0":[0,0],"1":[0,0],"2":[0,0],"3":[0,0],"4":[0,0],"5":[0,0],"6":[0,0],"7":[0,0],"8":[0,0]},"_coverageSchema":"43e27e138ebf9cfc5966b082cf9a028302ed4184","hash":"05cc34b12b209c41239531bb9a48c465433b063e"}
,"C:\\Users\\Hubert\\Desktop\\ELO\\frontend\\src\\components\\SelectMenu.tsx": {"path":"C:\\Users\\Hubert\\Desktop\\ELO\\frontend\\src\\components\\SelectMenu.tsx","statementMap":{"0":{"start":{"line":6,"column":16},"end":{"line":27,"column":1}},"1":{"start":{"line":28,"column":15},"end":{"line":33,"column":1}},"2":{"start":{"line":34,"column":20},"end":{"line":38,"column":1}},"3":{"start":{"line":39,"column":13},"end":{"line":47,"column":1}},"4":{"start":{"line":48,"column":17},"end":{"line":63,"column":1}},"5":{"start":{"line":64,"column":25},"end":{"line":67,"column":1}},"6":{"start":{"line":75,"column":26},"end":{"line":117,"column":1}},"7":{"start":{"line":76,"column":30},"end":{"line":76,"column":45}},"8":{"start":{"line":78,"column":2},"end":{"line":116,"column":4}},"9":{"start":{"line":81,"column":8},"end":{"line":81,"column":25}},"10":{"start":{"line":84,"column":31},"end":{"line":84,"column":56}},"11":{"start":{"line":87,"column":12},"end":{"line":87,"column":35}},"12":{"start":{"line":88,"column":12},"end":{"line":88,"column":31}},"13":{"start":{"line":98,"column":16},"end":{"line":98,"column":51}},"14":{"start":{"line":99,"column":16},"end":{"line":99,"column":33}},"15":{"start":{"line":106,"column":16},"end":{"line":106,"column":49}},"16":{"start":{"line":107,"column":16},"end":{"line":107,"column":33}}},"fnMap":{"0":{"name":"(anonymous_0)","decl":{"start":{"line":75,"column":26},"end":{"line":75,"column":27}},"loc":{"start":{"line":75,"column":105},"end":{"line":117,"column":1}},"line":75},"1":{"name":"(anonymous_1)","decl":{"start":{"line":80,"column":19},"end":{"line":80,"column":20}},"loc":{"start":{"line":80,"column":25},"end":{"line":82,"column":7}},"line":80},"2":{"name":"(anonymous_2)","decl":{"start":{"line":84,"column":24},"end":{"line":84,"column":25}},"loc":{"start":{"line":84,"column":30},"end":{"line":84,"column":57}},"line":84},"3":{"name":"(anonymous_3)","decl":{"start":{"line":86,"column":19},"end":{"line":86,"column":20}},"loc":{"start":{"line":86,"column":25},"end":{"line":89,"column":11}},"line":86},"4":{"name":"(anonymous_4)","decl":{"start":{"line":97,"column":23},"end":{"line":97,"column":24}},"loc":{"start":{"line":97,"column":29},"end":{"line":100,"column":15}},"line":97},"5":{"name":"(anonymous_5)","decl":{"start":{"line":105,"column":23},"end":{"line":105,"column":24}},"loc":{"start":{"line":105,"column":29},"end":{"line":108,"column":15}},"line":105}},"branchMap":{"0":{"loc":{"start":{"line":94,"column":9},"end":{"line":113,"column":9}},"type":"binary-expr","locations":[{"start":{"line":94,"column":9},"end":{"line":94,"column":15}},{"start":{"line":95,"column":10},"end":{"line":112,"column":17}}],"line":94}},"s":{"0":5,"1":5,"2":5,"3":5,"4":5,"5":5,"6":5,"7":10,"8":10,"9":0,"10":0,"11":0,"12":0,"13":0,"14":0,"15":0,"16":0},"f":{"0":10,"1":0,"2":0,"3":0,"4":0,"5":0},"b":{"0":[10,0]},"_coverageSchema":"43e27e138ebf9cfc5966b082cf9a028302ed4184","hash":"d29217782b000e4aa48b4cf435e3e1fcbf58fbc9"}
,"C:\\Users\\Hubert\\Desktop\\ELO\\frontend\\src\\components\\Statistics.tsx": {"path":"C:\\Users\\Hubert\\Desktop\\ELO\\frontend\\src\\components\\Statistics.tsx","statementMap":{"0":{"start":{"line":12,"column":26},"end":{"line":18,"column":1}},"1":{"start":{"line":20,"column":12},"end":{"line":25,"column":1}},"2":{"start":{"line":27,"column":21},"end":{"line":41,"column":1}},"3":{"start":{"line":43,"column":24},"end":{"line":47,"column":1}},"4":{"start":{"line":49,"column":22},"end":{"line":54,"column":1}},"5":{"start":{"line":56,"column":26},"end":{"line":111,"column":1}},"6":{"start":{"line":57,"column":2},"end":{"line":110,"column":4}}},"fnMap":{"0":{"name":"(anonymous_0)","decl":{"start":{"line":56,"column":26},"end":{"line":56,"column":27}},"loc":{"start":{"line":56,"column":32},"end":{"line":111,"column":1}},"line":56}},"branchMap":{},"s":{"0":2,"1":2,"2":2,"3":2,"4":2,"5":2,"6":2},"f":{"0":2},"b":{},"_coverageSchema":"43e27e138ebf9cfc5966b082cf9a028302ed4184","hash":"0d5e2c93abb82e0d49baeedd564aead91d714e6d"}
,"C:\\Users\\Hubert\\Desktop\\ELO\\frontend\\src\\components\\Topbar.tsx": {"path":"C:\\Users\\Hubert\\Desktop\\ELO\\frontend\\src\\components\\Topbar.tsx","statementMap":{"0":{"start":{"line":13,"column":15},"end":{"line":21,"column":1}},"1":{"start":{"line":23,"column":20},"end":{"line":29,"column":1}},"2":{"start":{"line":31,"column":13},"end":{"line":37,"column":1}},"3":{"start":{"line":39,"column":13},"end":{"line":50,"column":1}},"4":{"start":{"line":52,"column":22},"end":{"line":56,"column":1}},"5":{"start":{"line":62,"column":21},"end":{"line":76,"column":1}},"6":{"start":{"line":68,"column":39},"end":{"line":68,"column":90}},"7":{"start":{"line":78,"column":14},"end":{"line":90,"column":1}},"8":{"start":{"line":92,"column":18},"end":{"line":104,"column":1}},"9":{"start":{"line":106,"column":20},"end":{"line":112,"column":1}},"10":{"start":{"line":114,"column":13},"end":{"line":121,"column":1}},"11":{"start":{"line":123,"column":23},"end":{"line":125,"column":1}},"12":{"start":{"line":127,"column":31},"end":{"line":133,"column":1}},"13":{"start":{"line":140,"column":30},"end":{"line":140,"column":58}},"14":{"start":{"line":141,"column":19},"end":{"line":141,"column":42}},"15":{"start":{"line":142,"column":38},"end":{"line":142,"column":53}},"16":{"start":{"line":143,"column":34},"end":{"line":143,"column":49}},"17":{"start":{"line":144,"column":34},"end":{"line":144,"column":73}},"18":{"start":{"line":145,"column":26},"end":{"line":145,"column":41}},"19":{"start":{"line":146,"column":28},"end":{"line":146,"column":40}},"20":{"start":{"line":147,"column":46},"end":{"line":147,"column":102}},"21":{"start":{"line":149,"column":2},"end":{"line":151,"column":13}},"22":{"start":{"line":150,"column":4},"end":{"line":150,"column":78}},"23":{"start":{"line":153,"column":31},"end":{"line":153,"column":76}},"24":{"start":{"line":153,"column":51},"end":{"line":153,"column":76}},"25":{"start":{"line":155,"column":23},"end":{"line":155,"column":51}},"26":{"start":{"line":155,"column":29},"end":{"line":155,"column":51}},"27":{"start":{"line":157,"column":24},"end":{"line":157,"column":97}},"28":{"start":{"line":157,"column":65},"end":{"line":157,"column":97}},"29":{"start":{"line":159,"column":29},"end":{"line":159,"column":52}},"30":{"start":{"line":159,"column":35},"end":{"line":159,"column":52}},"31":{"start":{"line":161,"column":27},"end":{"line":161,"column":92}},"32":{"start":{"line":161,"column":45},"end":{"line":161,"column":87}},"33":{"start":{"line":161,"column":75},"end":{"line":161,"column":86}},"34":{"start":{"line":163,"column":23},"end":{"line":163,"column":93}},"35":{"start":{"line":163,"column":65},"end":{"line":163,"column":93}},"36":{"start":{"line":165,"column":29},"end":{"line":165,"column":48}},"37":{"start":{"line":165,"column":35},"end":{"line":165,"column":48}},"38":{"start":{"line":167,"column":30},"end":{"line":167,"column":50}},"39":{"start":{"line":167,"column":36},"end":{"line":167,"column":50}},"40":{"start":{"line":169,"column":2},"end":{"line":174,"column":37}},"41":{"start":{"line":170,"column":4},"end":{"line":173,"column":5}},"42":{"start":{"line":171,"column":6},"end":{"line":171,"column":19}},"43":{"start":{"line":172,"column":6},"end":{"line":172,"column":25}},"44":{"start":{"line":176,"column":2},"end":{"line":222,"column":4}},"45":{"start":{"line":198,"column":18},"end":{"line":198,"column":39}}},"fnMap":{"0":{"name":"(anonymous_0)","decl":{"start":{"line":68,"column":19},"end":{"line":68,"column":20}},"loc":{"start":{"line":68,"column":39},"end":{"line":68,"column":90}},"line":68},"1":{"name":"(anonymous_1)","decl":{"start":{"line":139,"column":15},"end":{"line":139,"column":16}},"loc":{"start":{"line":139,"column":58},"end":{"line":223,"column":1}},"line":139},"2":{"name":"(anonymous_2)","decl":{"start":{"line":149,"column":12},"end":{"line":149,"column":13}},"loc":{"start":{"line":149,"column":18},"end":{"line":151,"column":3}},"line":149},"3":{"name":"(anonymous_3)","decl":{"start":{"line":153,"column":31},"end":{"line":153,"column":32}},"loc":{"start":{"line":153,"column":51},"end":{"line":153,"column":76}},"line":153},"4":{"name":"(anonymous_4)","decl":{"start":{"line":155,"column":23},"end":{"line":155,"column":24}},"loc":{"start":{"line":155,"column":29},"end":{"line":155,"column":51}},"line":155},"5":{"name":"(anonymous_5)","decl":{"start":{"line":157,"column":24},"end":{"line":157,"column":25}},"loc":{"start":{"line":157,"column":65},"end":{"line":157,"column":97}},"line":157},"6":{"name":"(anonymous_6)","decl":{"start":{"line":159,"column":29},"end":{"line":159,"column":30}},"loc":{"start":{"line":159,"column":35},"end":{"line":159,"column":52}},"line":159},"7":{"name":"(anonymous_7)","decl":{"start":{"line":161,"column":39},"end":{"line":161,"column":40}},"loc":{"start":{"line":161,"column":45},"end":{"line":161,"column":87}},"line":161},"8":{"name":"(anonymous_8)","decl":{"start":{"line":161,"column":59},"end":{"line":161,"column":60}},"loc":{"start":{"line":161,"column":75},"end":{"line":161,"column":86}},"line":161},"9":{"name":"(anonymous_9)","decl":{"start":{"line":163,"column":23},"end":{"line":163,"column":24}},"loc":{"start":{"line":163,"column":65},"end":{"line":163,"column":93}},"line":163},"10":{"name":"(anonymous_10)","decl":{"start":{"line":165,"column":29},"end":{"line":165,"column":30}},"loc":{"start":{"line":165,"column":35},"end":{"line":165,"column":48}},"line":165},"11":{"name":"(anonymous_11)","decl":{"start":{"line":167,"column":30},"end":{"line":167,"column":31}},"loc":{"start":{"line":167,"column":36},"end":{"line":167,"column":50}},"line":167},"12":{"name":"(anonymous_12)","decl":{"start":{"line":169,"column":12},"end":{"line":169,"column":13}},"loc":{"start":{"line":169,"column":18},"end":{"line":174,"column":3}},"line":169},"13":{"name":"(anonymous_13)","decl":{"start":{"line":197,"column":25},"end":{"line":197,"column":26}},"loc":{"start":{"line":197,"column":31},"end":{"line":199,"column":17}},"line":197}},"branchMap":{"0":{"loc":{"start":{"line":68,"column":39},"end":{"line":68,"column":90}},"type":"cond-expr","locations":[{"start":{"line":68,"column":51},"end":{"line":68,"column":69}},{"start":{"line":68,"column":72},"end":{"line":68,"column":90}}],"line":68},"1":{"loc":{"start":{"line":147,"column":55},"end":{"line":147,"column":101}},"type":"cond-expr","locations":[{"start":{"line":147,"column":76},"end":{"line":147,"column":88}},{"start":{"line":147,"column":91},"end":{"line":147,"column":101}}],"line":147},"2":{"loc":{"start":{"line":150,"column":4},"end":{"line":150,"column":77}},"type":"binary-expr","locations":[{"start":{"line":150,"column":4},"end":{"line":150,"column":8}},{"start":{"line":150,"column":12},"end":{"line":150,"column":77}}],"line":150},"3":{"loc":{"start":{"line":150,"column":30},"end":{"line":150,"column":76}},"type":"cond-expr","locations":[{"start":{"line":150,"column":51},"end":{"line":150,"column":63}},{"start":{"line":150,"column":66},"end":{"line":150,"column":76}}],"line":150},"4":{"loc":{"start":{"line":170,"column":4},"end":{"line":173,"column":5}},"type":"if","locations":[{"start":{"line":170,"column":4},"end":{"line":173,"column":5}},{"start":{"line":170,"column":4},"end":{"line":173,"column":5}}],"line":170},"5":{"loc":{"start":{"line":185,"column":13},"end":{"line":191,"column":13}},"type":"binary-expr","locations":[{"start":{"line":185,"column":13},"end":{"line":185,"column":31}},{"start":{"line":186,"column":14},"end":{"line":190,"column":16}}],"line":185},"6":{"loc":{"start":{"line":194,"column":41},"end":{"line":194,"column":105}},"type":"cond-expr","locations":[{"start":{"line":194,"column":73},"end":{"line":194,"column":87}},{"start":{"line":194,"column":90},"end":{"line":194,"column":105}}],"line":194}},"s":{"0":4,"1":4,"2":4,"3":4,"4":4,"5":4,"6":8,"7":4,"8":4,"9":4,"10":4,"11":4,"12":4,"13":8,"14":8,"15":8,"16":8,"17":8,"18":8,"19":8,"20":8,"21":8,"22":4,"23":8,"24":0,"25":8,"26":0,"27":8,"28":0,"29":8,"30":0,"31":8,"32":0,"33":0,"34":8,"35":0,"36":8,"37":0,"38":8,"39":0,"40":8,"41":4,"42":0,"43":0,"44":8,"45":0},"f":{"0":8,"1":8,"2":4,"3":0,"4":0,"5":0,"6":0,"7":0,"8":0,"9":0,"10":0,"11":0,"12":4,"13":0},"b":{"0":[0,8],"1":[0,8],"2":[4,0],"3":[0,0],"4":[0,4],"5":[8,8],"6":[8,0]},"_coverageSchema":"43e27e138ebf9cfc5966b082cf9a028302ed4184","hash":"842f4423b499091d1a01e0248a29973ce28bec6b"}
,"C:\\Users\\Hubert\\Desktop\\ELO\\frontend\\src\\components\\Transfer.tsx": {"path":"C:\\Users\\Hubert\\Desktop\\ELO\\frontend\\src\\components\\Transfer.tsx","statementMap":{"0":{"start":{"line":13,"column":18},"end":{"line":20,"column":2}},"1":{"start":{"line":22,"column":23},"end":{"line":39,"column":1}},"2":{"start":{"line":41,"column":27},"end":{"line":46,"column":1}},"3":{"start":{"line":48,"column":30},"end":{"line":53,"column":1}},"4":{"start":{"line":55,"column":27},"end":{"line":58,"column":1}},"5":{"start":{"line":60,"column":28},"end":{"line":71,"column":1}},"6":{"start":{"line":73,"column":24},"end":{"line":114,"column":1}},"7":{"start":{"line":74,"column":18},"end":{"line":74,"column":29}},"8":{"start":{"line":76,"column":2},"end":{"line":113,"column":4}}},"fnMap":{"0":{"name":"(anonymous_0)","decl":{"start":{"line":73,"column":24},"end":{"line":73,"column":25}},"loc":{"start":{"line":73,"column":68},"end":{"line":114,"column":1}},"line":73}},"branchMap":{},"s":{"0":1,"1":1,"2":1,"3":1,"4":1,"5":1,"6":1,"7":2,"8":2},"f":{"0":2},"b":{},"_coverageSchema":"43e27e138ebf9cfc5966b082cf9a028302ed4184","hash":"6f03e22d698cafd16155ae128a9cd33db3700814"}
,"C:\\Users\\Hubert\\Desktop\\ELO\\frontend\\src\\constants\\index.ts": {"path":"C:\\Users\\Hubert\\Desktop\\ELO\\frontend\\src\\constants\\index.ts","statementMap":{"0":{"start":{"line":1,"column":20},"end":{"line":1,"column":81}},"1":{"start":{"line":2,"column":21},"end":{"line":27,"column":1}},"2":{"start":{"line":29,"column":32},"end":{"line":29,"column":33}},"3":{"start":{"line":32,"column":69},"end":{"line":41,"column":1}},"4":{"start":{"line":44,"column":26},"end":{"line":44,"column":27}},"5":{"start":{"line":45,"column":53},"end":{"line":53,"column":1}}},"fnMap":{},"branchMap":{},"s":{"0":5,"1":5,"2":5,"3":5,"4":5,"5":5},"f":{},"b":{},"_coverageSchema":"43e27e138ebf9cfc5966b082cf9a028302ed4184","hash":"3782d0cff508a073c24e5425f4f1aade939610c4"}
,"C:\\Users\\Hubert\\Desktop\\ELO\\frontend\\src\\contexts\\CASProvider.tsx": {"path":"C:\\Users\\Hubert\\Desktop\\ELO\\frontend\\src\\contexts\\CASProvider.tsx","statementMap":{"0":{"start":{"line":14,"column":26},"end":{"line":14,"column":74}},"1":{"start":{"line":20,"column":27},"end":{"line":78,"column":1}},"2":{"start":{"line":21,"column":26},"end":{"line":21,"column":48}},"3":{"start":{"line":22,"column":28},"end":{"line":22,"column":58}},"4":{"start":{"line":23,"column":42},"end":{"line":23,"column":72}},"5":{"start":{"line":24,"column":26},"end":{"line":24,"column":65}},"6":{"start":{"line":25,"column":48},"end":{"line":25,"column":63}},"7":{"start":{"line":26,"column":2},"end":{"line":56,"column":9}},"8":{"start":{"line":27,"column":18},"end":{"line":54,"column":5}},"9":{"start":{"line":28,"column":24},"end":{"line":28,"column":67}},"10":{"start":{"line":29,"column":21},"end":{"line":29,"column":44}},"11":{"start":{"line":30,"column":6},"end":{"line":32,"column":7}},"12":{"start":{"line":31,"column":8},"end":{"line":31,"column":36}},"13":{"start":{"line":33,"column":6},"end":{"line":53,"column":7}},"14":{"start":{"line":34,"column":8},"end":{"line":44,"column":9}},"15":{"start":{"line":35,"column":10},"end":{"line":35,"column":35}},"16":{"start":{"line":36,"column":33},"end":{"line":38,"column":11}},"17":{"start":{"line":39,"column":10},"end":{"line":39,"column":89}},"18":{"start":{"line":40,"column":10},"end":{"line":40,"column":56}},"19":{"start":{"line":41,"column":10},"end":{"line":41,"column":68}},"20":{"start":{"line":42,"column":10},"end":{"line":42,"column":66}},"21":{"start":{"line":43,"column":10},"end":{"line":43,"column":36}},"22":{"start":{"line":45,"column":22},"end":{"line":45,"column":55}},"23":{"start":{"line":46,"column":29},"end":{"line":46,"column":65}},"24":{"start":{"line":47,"column":21},"end":{"line":47,"column":58}},"25":{"start":{"line":48,"column":8},"end":{"line":48,"column":33}},"26":{"start":{"line":49,"column":8},"end":{"line":49,"column":54}},"27":{"start":{"line":50,"column":8},"end":{"line":50,"column":30}},"28":{"start":{"line":52,"column":8},"end":{"line":52,"column":23}},"29":{"start":{"line":55,"column":4},"end":{"line":55,"column":12}},"30":{"start":{"line":59,"column":4},"end":{"line":59,"column":41}},"31":{"start":{"line":60,"column":4},"end":{"line":60,"column":44}},"32":{"start":{"line":61,"column":4},"end":{"line":61,"column":45}},"33":{"start":{"line":62,"column":4},"end":{"line":62,"column":33}},"34":{"start":{"line":66,"column":4},"end":{"line":66,"column":90}},"35":{"start":{"line":70,"column":4},"end":{"line":70,"column":99}},"36":{"start":{"line":73,"column":2},"end":{"line":77,"column":4}}},"fnMap":{"0":{"name":"(anonymous_0)","decl":{"start":{"line":20,"column":27},"end":{"line":20,"column":28}},"loc":{"start":{"line":20,"column":63},"end":{"line":78,"column":1}},"line":20},"1":{"name":"(anonymous_1)","decl":{"start":{"line":26,"column":12},"end":{"line":26,"column":13}},"loc":{"start":{"line":26,"column":18},"end":{"line":56,"column":3}},"line":26},"2":{"name":"(anonymous_2)","decl":{"start":{"line":27,"column":18},"end":{"line":27,"column":19}},"loc":{"start":{"line":27,"column":30},"end":{"line":54,"column":5}},"line":27},"3":{"name":"logout","decl":{"start":{"line":58,"column":11},"end":{"line":58,"column":17}},"loc":{"start":{"line":58,"column":20},"end":{"line":63,"column":3}},"line":58},"4":{"name":"redirectToCASLogoutService","decl":{"start":{"line":65,"column":11},"end":{"line":6
[...]
:105},"6":{"loc":{"start":{"line":120,"column":15},"end":{"line":120,"column":75}},"type":"cond-expr","locations":[{"start":{"line":120,"column":46},"end":{"line":120,"column":63}},{"start":{"line":120,"column":66},"end":{"line":120,"column":75}}],"line":120},"7":{"loc":{"start":{"line":121,"column":15},"end":{"line":121,"column":77}},"type":"cond-expr","locations":[{"start":{"line":121,"column":47},"end":{"line":121,"column":65}},{"start":{"line":121,"column":68},"end":{"line":121,"column":77}}],"line":121},"8":{"loc":{"start":{"line":169,"column":4},"end":{"line":176,"column":5}},"type":"if","locations":[{"start":{"line":169,"column":4},"end":{"line":176,"column":5}},{"start":{"line":169,"column":4},"end":{"line":176,"column":5}}],"line":169},"9":{"loc":{"start":{"line":169,"column":8},"end":{"line":169,"column":52}},"type":"binary-expr","locations":[{"start":{"line":169,"column":8},"end":{"line":169,"column":28}},{"start":{"line":169,"column":32},"end":{"line":169,"column":52}}],"line":169},"10":{"loc":{"start":{"line":171,"column":19},"end":{"line":171,"column":92}},"type":"cond-expr","locations":[{"start":{"line":171,"column":49},"end":{"line":171,"column":69}},{"start":{"line":171,"column":72},"end":{"line":171,"column":92}}],"line":171},"11":{"loc":{"start":{"line":173,"column":32},"end":{"line":173,"column":147}},"type":"cond-expr","locations":[{"start":{"line":173,"column":64},"end":{"line":173,"column":138}},{"start":{"line":173,"column":141},"end":{"line":173,"column":147}}],"line":173},"12":{"loc":{"start":{"line":182,"column":4},"end":{"line":190,"column":5}},"type":"if","locations":[{"start":{"line":182,"column":4},"end":{"line":190,"column":5}},{"start":{"line":182,"column":4},"end":{"line":190,"column":5}}],"line":182},"13":{"loc":{"start":{"line":184,"column":32},"end":{"line":184,"column":109}},"type":"cond-expr","locations":[{"start":{"line":184,"column":64},"end":{"line":184,"column":100}},{"start":{"line":184,"column":103},"end":{"line":184,"column":109}}],"line":184},"14":{"loc":{"start":{"line":186,"column":11},"end":{"line":190,"column":5}},"type":"if","locations":[{"start":{"line":186,"column":11},"end":{"line":190,"column":5}},{"start":{"line":186,"column":11},"end":{"line":190,"column":5}}],"line":186},"15":{"loc":{"start":{"line":188,"column":32},"end":{"line":188,"column":109}},"type":"cond-expr","locations":[{"start":{"line":188,"column":64},"end":{"line":188,"column":100}},{"start":{"line":188,"column":103},"end":{"line":188,"column":109}}],"line":188},"16":{"loc":{"start":{"line":198,"column":21},"end":{"line":198,"column":44}},"type":"cond-expr","locations":[{"start":{"line":198,"column":35},"end":{"line":198,"column":37}},{"start":{"line":198,"column":40},"end":{"line":198,"column":44}}],"line":198},"17":{"loc":{"start":{"line":210,"column":21},"end":{"line":210,"column":44}},"type":"cond-expr","locations":[{"start":{"line":210,"column":35},"end":{"line":210,"column":37}},{"start":{"line":210,"column":40},"end":{"line":210,"column":44}}],"line":210},"18":{"loc":{"start":{"line":234,"column":52},"end":{"line":234,"column":76}},"type":"cond-expr","locations":[{"start":{"line":234,"column":70},"end":{"line":234,"column":71}},{"start":{"line":234,"column":74},"end":{"line":234,"column":76}}],"line":234},"19":{"loc":{"start":{"line":247,"column":8},"end":{"line":253,"column":9}},"type":"if","locations":[{"start":{"line":247,"column":8},"end":{"line":253,"column":9}},{"start":{"line":247,"column":8},"end":{"line":253,"column":9}}],"line":247},"20":{"loc":{"start":{"line":249,"column":12},"end":{"line":251,"column":13}},"type":"if","locations":[{"start":{"line":249,"column":12},"end":{"line":251,"column":13}},{"start":{"line":249,"column":12},"end":{"line":251,"column":13}}],"line":249},"21":{"loc":{"start":{"line":254,"column":8},"end":{"line":260,"column":9}},"type":"if","locations":[{"start":{"line":254,"column":8},"end":{"line":260,"column":9}},{"start":{"line":254,"column":8},"end":{"line":260,"column":9}}],"line":254},"22":{"loc":{"start":{"line":256,"column":12},"end":{"line":258,"column":13}},"type":"if","locations":[{"start":{"line":256,"column":12},"end":{"line":258,"column":13}},{"start":{"line":256,"column":12},"end":{"line":258,"column":13}}],"line":256},"23":{"loc":{"start":{"line":261,"column":8},"end":{"line":263,"column":9}},"type":"if","locations":[{"start":{"line":261,"column":8},"end":{"line":263,"column":9}},{"start":{"line":261,"column":8},"end":{"line":263,"column":9}}],"line":261},"24":{"loc":{"start":{"line":261,"column":12},"end":{"line":261,"column":86}},"type":"binary-expr","locations":[{"start":{"line":261,"column":12},"end":{"line":261,"column":47}},{"start":{"line":261,"column":51},"end":{"line":261,"column":86}}],"line":261}},"s":{"0":5,"1":5,"2":5,"3":20,"4":20,"5":20,"6":20,"7":20,"8":20,"9":20,"10":20,"11":20,"12":20,"13":0,"14":0,"15":0,"16":0,"17":0,"18":0,"19":0,"20":20,"21":12,"22":0,"23":20,"24":4,"25":4,"26":0,"27":0,"28":0,"29":20,"30":2,"31":0,"32":0,"33":0,"34":0,"35":0,"36":0,"37":20,"38":0,"39":0,"40":0,"41":0,"42":0,"43":0,"44":0,"45":20,"46":0,"47":0,"48":0,"49":0,"50":0,"51":20,"52":0,"53":20,"54":0,"55":20,"56":0,"57":0,"58":20,"59":0,"60":0,"61":20,"62":0,"63":0,"64":0,"65":0,"66":20,"67":0,"68":0,"69":0,"70":0,"71":0,"72":0,"73":0,"74":0,"75":0,"76":0,"77":20,"78":0,"79":0,"80":0,"81":0,"82":0,"83":0,"84":0,"85":20,"86":0,"87":0,"88":0,"89":0,"90":0,"91":0,"92":0,"93":0,"94":0,"95":20,"96":0,"97":0,"98":0,"99":0,"100":0,"101":20,"102":0,"103":0,"104":0,"105":0,"106":0,"107":20,"108":0,"109":0,"110":0,"111":0,"112":20,"113":0,"114":0,"115":0,"116":0,"117":0,"118":0,"119":20,"120":0,"121":0,"122":0,"123":0,"124":0,"125":0,"126":0,"127":0,"128":0,"129":0,"130":0,"131":0,"132":0,"133":0,"134":0,"135":0,"136":20,"137":10,"138":10,"139":0,"140":0,"141":0,"142":20},"f":{"0":20,"1":0,"2":0,"3":0,"4":0,"5":0,"6":12,"7":0,"8":4,"9":0,"10":0,"11":2,"12":0,"13":0,"14":0,"15":0,"16":0,"17":0,"18":0,"19":0,"20":0,"21":0,"22":0,"23":0,"24":0,"25":0,"26":0,"27":0,"28":0,"29":0,"30":0,"31":0,"32":0,"33":0,"34":0,"35":0,"36":0,"37":0,"38":0,"39":0,"40":10,"41":0},"b":{"0":[0,0],"1":[0,0],"2":[0,0],"3":[0,0],"4":[0,0],"5":[0,0],"6":[0,0],"7":[0,0],"8":[0,0],"9":[0,0],"10":[0,0],"11":[0,0],"12":[0,0],"13":[0,0],"14":[0,0],"15":[0,0],"16":[0,0],"17":[0,0],"18":[0,0],"19":[0,0],"20":[0,0],"21":[0,0],"22":[0,0],"23":[0,0],"24":[0,0]},"_coverageSchema":"43e27e138ebf9cfc5966b082cf9a028302ed4184","hash":"e94b20e8d286e9821a23bc2940a2de87c17f695b"}
,"C:\\Users\\Hubert\\Desktop\\ELO\\frontend\\src\\contexts\\StudentsProvider.tsx": {"path":"C:\\Users\\Hubert\\Desktop\\ELO\\frontend\\src\\contexts\\StudentsProvider.tsx","statementMap":{"0":{"start":{"line":11,"column":31},"end":{"line":11,"column":83}},"1":{"start":{"line":17,"column":32},"end":{"line":54,"column":1}},"2":{"start":{"line":18,"column":34},"end":{"line":18,"column":62}},"3":{"start":{"line":19,"column":48},"end":{"line":19,"column":78}},"4":{"start":{"line":21,"column":22},"end":{"line":30,"column":3}},"5":{"start":{"line":22,"column":4},"end":{"line":29,"column":5}},"6":{"start":{"line":23,"column":23},"end":{"line":25,"column":7}},"7":{"start":{"line":26,"column":6},"end":{"line":26,"column":24}},"8":{"start":{"line":28,"column":6},"end":{"line":28,"column":21}},"9":{"start":{"line":32,"column":32},"end":{"line":34,"column":3}},"10":{"start":{"line":33,"column":4},"end":{"line":33,"column":78}},"11":{"start":{"line":33,"column":50},"end":{"line":33,"column":74}},"12":{"start":{"line":36,"column":2},"end":{"line":41,"column":9}},"13":{"start":{"line":37,"column":4},"end":{"line":40,"column":12}},"14":{"start":{"line":38,"column":28},"end":{"line":38,"column":65}},"15":{"start":{"line":39,"column":6},"end":{"line":39,"column":51}},"16":{"start":{"line":43,"column":2},"end":{"line":53,"column":4}}},"fnMap":{"0":{"name":"(anonymous_0)","decl":{"start":{"line":17,"column":32},"end":{"line":17,"column":33}},"loc":{"start":{"line":17,"column":73},"end":{"line":54,"column":1}},"line":17},"1":{"name":"(anonymous_1)","decl":{"start":{"line":21,"column":22},"end":{"line":21,"column":23}},"loc":{"start":{"line":21,"column":34},"end":{"line":30,"column":3}},"line":21},"2":{"name":"(anonymous_2)","decl":{"start":{"line":32,"column":32},"end":{"line":32,"column":33}},"loc":{"start":{"line":32,"column":55},"end":{"line":34,"column":3}},"line":32},"3":{"name":"(anonymous_3)","decl":{"start":{"line":33,"column":37},"end":{"line":33,"column":38}},"loc":{"start":{"line":33,"column":50},"end":{"line":33,"column":74}},"line":33},"4":{"name":"(anonymous_4)","decl":{"start":{"line":36,"column":12},"end":{"line":36,"column":13}},"loc":{"start":{"line":36,"column":18},"end":{"line":41,"column":3}},"line":36},"5":{"name":"(anonymous_5)","decl":{"start":{"line":37,"column":15},"end":{"line":37,"column":16}},"loc":{"start":{"line":37,"column":21},"end":{"line":40,"column":5}},"line":37}},"branchMap":{"0":{"loc":{"start":{"line":39,"column":6},"end":{"line":39,"column":50}},"type":"binary-expr","locations":[{"start":{"line":39,"column":6},"end":{"line":39,"column":33}},{"start":{"line":39,"column":37},"end":{"line":39,"column":50}}],"line":39}},"s":{"0":5,"1":5,"2":10,"3":10,"4":10,"5":0,"6":0,"7":0,"8":0,"9":10,"10":0,"11":0,"12":10,"13":10,"14":0,"15":0,"16":10},"f":{"0":10,"1":0,"2":0,"3":0,"4":10,"5":0},"b":{"0":[0,0]},"_coverageSchema":"43e27e138ebf9cfc5966b082cf9a028302ed4184","hash":"0df9ee068c82278a7c74b8829e924526feb7b716"}
,"C:\\Users\\Hubert\\Desktop\\ELO\\frontend\\src\\styles\\GlobalStyles.ts": {"path":"C:\\Users\\Hubert\\Desktop\\ELO\\frontend\\src\\styles\\GlobalStyles.ts","statementMap":{"0":{"start":{"line":3,"column":28},"end":{"line":20,"column":1}}},"fnMap":{},"branchMap":{},"s":{"0":0},"f":{},"b":{},"hash":"24532e55872482c1b442853cc2c12e622dc78490"}
,"C:\\Users\\Hubert\\Desktop\\ELO\\frontend\\src\\types\\index.ts": {"path":"C:\\Users\\Hubert\\Desktop\\ELO\\frontend\\src\\types\\index.ts","statementMap":{},"fnMap":{},"branchMap":{},"s":{},"f":{},"b":{},"_coverageSchema":"43e27e138ebf9cfc5966b082cf9a028302ed4184","hash":"22a94df1d3408e68c73773aebfb4656937c0c1d1"}
,"C:\\Users\\Hubert\\Desktop\\ELO\\frontend\\src\\utils\\axiosInstance.ts": {"path":"C:\\Users\\Hubert\\Desktop\\ELO\\frontend\\src\\utils\\axiosInstance.ts","statementMap":{"0":{"start":{"line":3,"column":29},"end":{"line":3,"column":43}},"1":{"start":{"line":6,"column":21},"end":{"line":18,"column":1}},"2":{"start":{"line":7,"column":2},"end":{"line":17,"column":3}},"3":{"start":{"line":8,"column":25},"end":{"line":8,"column":61}},"4":{"start":{"line":9,"column":21},"end":{"line":11,"column":5}},"5":{"start":{"line":12,"column":4},"end":{"line":12,"column":50}},"6":{"start":{"line":13,"column":4},"end":{"line":13,"column":60}},"7":{"start":{"line":14,"column":4},"end":{"line":14,"column":22}},"8":{"start":{"line":16,"column":4},"end":{"line":16,"column":19}},"9":{"start":{"line":20,"column":0},"end":{"line":31,"column":2}},"10":{"start":{"line":22,"column":18},"end":{"line":22,"column":51}},"11":{"start":{"line":24,"column":4},"end":{"line":24,"column":57}},"12":{"start":{"line":25,"column":4},"end":{"line":25,"column":70}},"13":{"start":{"line":26,"column":4},"end":{"line":26,"column":19}},"14":{"start":{"line":29,"column":4},"end":{"line":29,"column":26}},"15":{"start":{"line":34,"column":0},"end":{"line":48,"column":2}},"16":{"start":{"line":36,"column":4},"end":{"line":36,"column":20}},"17":{"start":{"line":39,"column":28},"end":{"line":39,"column":40}},"18":{"start":{"line":40,"column":4},"end":{"line":45,"column":5}},"19":{"start":{"line":41,"column":6},"end":{"line":41,"column":36}},"20":{"start":{"line":42,"column":27},"end":{"line":42,"column":47}},"21":{"start":{"line":43,"column":6},"end":{"line":43,"column":80}},"22":{"start":{"line":44,"column":6},"end":{"line":44,"column":44}},"23":{"start":{"line":46,"column":4},"end":{"line":46,"column":33}}},"fnMap":{"0":{"name":"(anonymous_0)","decl":{"start":{"line":6,"column":21},"end":{"line":6,"column":22}},"loc":{"start":{"line":6,"column":33},"end":{"line":18,"column":1}},"line":6},"1":{"name":"(anonymous_1)","decl":{"start":{"line":21,"column":2},"end":{"line":21,"column":3}},"loc":{"start":{"line":21,"column":15},"end":{"line":27,"column":3}},"line":21},"2":{"name":"(anonymous_2)","decl":{"start":{"line":28,"column":2},"end":{"line":28,"column":3}},"loc":{"start":{"line":28,"column":13},"end":{"line":30,"column":3}},"line":28},"3":{"name":"(anonymous_3)","decl":{"start":{"line":35,"column":2},"end":{"line":35,"column":3}},"loc":{"start":{"line":35,"column":16},"end":{"line":37,"column":3}},"line":35},"4":{"name":"(anonymous_4)","decl":{"start":{"line":38,"column":2},"end":{"line":38,"column":3}},"loc":{"start":{"line":38,"column":19},"end":{"line":47,"column":3}},"line":38}},"branchMap":{"0":{"loc":{"start":{"line":25,"column":39},"end":{"line":25,"column":69}},"type":"cond-expr","locations":[{"start":{"line":25,"column":47},"end":{"line":25,"column":64}},{"start":{"line":25,"column":67},"end":{"line":25,"column":69}}],"line":25},"1":{"loc":{"start":{"line":40,"column":4},"end":{"line":45,"column":5}},"type":"if","locations":[{"start":{"line":40,"column":4},"end":{"line":45,"column":5}},{"start":{"line":40,"column":4},"end":{"line":45,"column":5}}],"line":40},"2":{"loc":{"start":{"line":40,"column":8},"end":{"line":40,"column":64}},"type":"binary-expr","locations":[{"start":{"line":40,"column":8},"end":{"line":40,"column":37}},{"start":{"line":40,"column":41},"end":{"line":40,"column":64}}],"line":40}},"s":{"0":5,"1":5,"2":0,"3":0,"4":0,"5":0,"6":0,"7":0,"8":0,"9":5,"10":10,"11":10,"12":10,"13":10,"14":0,"15":5,"16":0,"17":0,"18":0,"19":0,"20":0,"21":0,"22":0,"23":0},"f":{"0":0,"1":10,"2":0,"3":0,"4":0},"b":{"0":[0,10],"1":[0,0],"2":[0,0]},"_coverageSchema":"43e27e138ebf9cfc5966b082cf9a028302ed4184","hash":"a79ec83df9813f5c7c4dbab9915a007ef3e6e26e"}
,"C:\\Users\\Hubert\\Desktop\\ELO\\frontend\\src\\utils\\index.ts": {"path":"C:\\Users\\Hubert\\Desktop\\ELO\\frontend\\src\\utils\\index.ts","statementMap":{"0":{"start":{"line":6,"column":34},"end":{"line":8,"column":1}},"1":{"start":{"line":7,"column":2},"end":{"line":7,"column":110}},"2":{"start":{"line":7,"column":52},"end":{"line":7,"column":108}},"3":{"start":{"line":19,"column":24},"end":{"line":75,"column":1}},"4":{"start":{"line":25,"column":16},"end":{"line":31,"column":3}},"5":{"start":{"line":26,"column":4},"end":{"line":26,"column":19}},"6":{"start":{"line":27,"column":4},"end":{"line":30,"column":5}},"7":{"start":{"line":28,"column":6},"end":{"line":28,"column":41}},"8":{"start":{"line":29,"column":6},"end":{"line":29,"column":28}},"9":{"start":{"line":33,"column":35},"end":{"line":48,"column":3}},"10":{"start":{"line":34,"column":4},"end":{"line":34,"column":19}},"11":{"start":{"line":35,"column":4},"end":{"line":35,"column":21}},"12":{"start":{"line":36,"column":20},"end":{"line":36,"column":41}},"13":{"start":{"line":38,"column":4},"end":{"line":40,"column":5}},"14":{"start":{"line":39,"column":6},"end":{"line":39,"column":47}},"15":{"start":{"line":42,"column":4},"end":{"line":45,"column":5}},"16":{"start":{"line":43,"column":6},"end":{"line":43,"column":41}},"17":{"start":{"line":44,"column":6},"end":{"line":44,"column":28}},"18":{"start":{"line":47,"column":4},"end":{"line":47,"column":18}},"19":{"start":{"line":50,"column":16},"end":{"line":55,"column":3}},"20":{"start":{"line":51,"column":4},"end":{"line":54,"column":5}},"21":{"start":{"line":52,"column":6},"end":{"line":52,"column":28}},"22":{"start":{"line":53,"column":6},"end":{"line":53,"column":21}},"23":{"start":{"line":57,"column":16},"end":{"line":65,"column":3}},"24":{"start":{"line":58,"column":4},"end":{"line":64,"column":5}},"25":{"start":{"line":59,"column":6},"end":{"line":59,"column":41}},"26":{"start":{"line":60,"column":6},"end":{"line":60,"column":28}},"27":{"start":{"line":62,"column":6},"end":{"line":62,"column":28}},"28":{"start":{"line":63,"column":6},"end":{"line":63,"column":21}},"29":{"start":{"line":67,"column":30},"end":{"line":72,"column":6}},"30":{"start":{"line":68,"column":19},"end":{"line":68,"column":32}},"31":{"start":{"line":69,"column":4},"end":{"line":69,"column":20}},"32":{"start":{"line":70,"column":4},"end":{"line":70,"column":20}},"33":{"start":{"line":71,"column":4},"end":{"line":71,"column":13}},"34":{"start":{"line":74,"column":2},"end":{"line":74,"column":19}}},"fnMap":{"0":{"name":"(anonymous_0)","decl":{"start":{"line":6,"column":34},"end":{"line":6,"column":35}},"loc":{"start":{"line":6,"column":93},"end":{"line":8,"column":1}},"line":6},"1":{"name":"(anonymous_1)","decl":{"start":{"line":7,"column":32},"end":{"line":7,"column":33}},"loc":{"start":{"line":7,"column":52},"end":{"line":7,"column":108}},"line":7},"2":{"name":"(anonymous_2)","decl":{"start":{"line":19,"column":24},"end":{"line":19,"column":25}},"loc":{"start":{"line":19,"column":87},"end":{"line":75,"column":1}},"line":19},"3":{"name":"(anonymous_3)","decl":{"start":{"line":25,"column":16},"end":{"line":25,"column":17}},"loc":{"start":{"line":25,"column":22},"end":{"line":31,"column":3}},"line":25},"4":{"name":"(anonymous_4)","decl":{"start":{"line":33,"column":35},"end":{"line":33,"column":36}},"loc":{"start":{"line":33,"column":56},"end":{"line":48,"column":3}},"line":33},"5":{"name":"(anonymous_5)","decl":{"start":{"line":50,"column":16},"end":{"line":50,"column":17}},"loc":{"start":{"line":50,"column":22},"end":{"line":55,"column":3}},"line":50},"6":{"name":"(anonymous_6)","decl":{"start":{"line":57,"column":16},"end":{"line":57,"column":17}},"loc":{"start":{"line":57,"column":22},"end":{"line":65,"column":3}},"line":57},"7":{"name":"(anonymous_7)","decl":{"start":{"line":67,"column":31},"end":{"line":67,"column":32}},"loc":{"start":{"line":67,"column":37},"end":{"line":72,"column":3}},"line":67}},"branchMap":{"0":{"loc":{"start":{"line":19,"column":56},"end":{"line":19,"column":82}},"type":"default-arg","locations":[{"start":{"line":19,"column":77},"end":{"line":19,"column":82}}],"line":19},"1":{"loc":{"start":{"line":27,"column":4},"end":{"line":30,"column":5}},"type":"if","locations":[{"start":{"line":27,"column":4},"end":{"line":30,"column":5}},{"start":{"line":27,"column":4},"end":{"line":30,"column":5}}],"line":27},"2":{"loc":{"start":{"line":36,"column":20},"end":{"line":36,"column":41}},"type":"binary-expr","locations":[{"start":{"line":36,"column":20},"end":{"line":36,"column":29}},{"start":{"line":36,"column":33},"end":{"line":36,"column":41}}],"line":36},"3":{"loc":{"start":{"line":38,"column":4},"end":{"line":40,"column":5}},"type":"if","locations":[{"start":{"line":38,"column":4},"end":{"line":40,"column":5}},{"start":{"line":38,"column":4},"end":{"line":40,"column":5}}],"line":38},"4":{"loc":{"start":{"line":42,"column":4},"end":{"line":45,"column":5}},"type":"if","locations":[{"start":{"line":42,"column":4},"end":{"line":45,"column":5}},{"start":{"line":42,"column":4},"end":{"line":45,"column":5}}],"line":42},"5":{"loc":{"start":{"line":51,"column":4},"end":{"line":54,"column":5}},"type":"if","locations":[{"start":{"line":51,"column":4},"end":{"line":54,"column":5}},{"start":{"line":51,"column":4},"end":{"line":54,"column":5}}],"line":51},"6":{"loc":{"start":{"line":58,"column":4},"end":{"line":64,"column":5}},"type":"if","locations":[{"start":{"line":58,"column":4},"end":{"line":64,"column":5}},{"start":{"line":58,"column":4},"end":{"line":64,"column":5}}],"line":58}},"s":{"0":2,"1":0,"2":0,"3":2,"4":4,"5":0,"6":0,"7":0,"8":0,"9":4,"10":1,"11":1,"12":1,"13":1,"14":1,"15":1,"16":0,"17":0,"18":1,"19":4,"20":0,"21":0,"22":0,"23":4,"24":0,"25":0,"26":0,"27":0,"28":0,"29":4,"30":4,"31":4,"32":4,"33":4,"34":4},"f":{"0":0,"1":0,"2":4,"3":0,"4":1,"5":0,"6":0,"7":4},"b":{"0":[4],"1":[0,0],"2":[1,0],"3":[1,0],"4":[0,1],"5":[0,0],"6":[0,0]},"_coverageSchema":"43e27e138ebf9cfc5966b082cf9a028302ed4184","hash":"9d15a071926a1878c6a893f5870f239593056720"}
}
