TN:
SF:C:\Users\Hubert\Desktop\ELO\frontend\src\customRender.jsx
FN:8,(anonymous_0)
FN:20,(anonymous_1)
FNF:2
FNH:2
FNDA:9,(anonymous_0)
FNDA:1,(anonymous_1)
DA:8,5
DA:9,9
DA:20,5
DA:22,1
DA:24,1
LF:5
LH:5
BRDA:8,0,0,9
BRDA:8,1,0,9
BRDA:8,2,0,9
BRDA:20,3,0,1
BRDA:20,4,0,1
BRDA:20,5,0,1
BRF:6
BRH:6
end_of_record
TN:
SF:C:\Users\Hubert\Desktop\ELO\frontend\src\index.tsx
FNF:0
FNH:0
DA:10,0
LF:1
LH:0
BRF:0
BRH:0
end_of_record
TN:
SF:C:\Users\Hubert\Desktop\ELO\frontend\src\components\Administrator.tsx
FN:83,(anonymous_0)
FN:102,(anonymous_1)
FN:103,(anonymous_2)
FN:106,(anonymous_3)
FN:166,(anonymous_4)
FN:170,(anonymous_5)
FN:176,(anonymous_6)
FN:182,(anonymous_7)
FN:188,(anonymous_8)
FNF:9
FNH:0
FNDA:0,(anonymous_0)
FNDA:0,(anonymous_1)
FNDA:0,(anonymous_2)
FNDA:0,(anonymous_3)
FNDA:0,(anonymous_4)
FNDA:0,(anonymous_5)
FNDA:0,(anonymous_6)
FNDA:0,(anonymous_7)
FNDA:0,(anonymous_8)
DA:9,1
DA:17,1
DA:34,1
DA:41,1
DA:49,1
DA:57,1
DA:63,1
DA:68,1
DA:83,1
DA:84,0
DA:85,0
DA:87,0
DA:88,0
DA:89,0
DA:90,0
DA:92,0
DA:94,0
DA:95,0
DA:96,0
DA:97,0
DA:98,0
DA:99,0
DA:102,0
DA:103,0
DA:104,0
DA:107,0
DA:112,0
DA:113,0
DA:114,0
DA:115,0
DA:116,0
DA:118,0
DA:119,0
DA:121,0
DA:122,0
DA:124,0
DA:125,0
DA:128,0
DA:134,0
DA:135,0
DA:136,0
DA:141,0
DA:146,0
DA:150,0
DA:152,0
DA:155,0
DA:166,0
DA:170,0
DA:176,0
DA:182,0
DA:189,0
DA:190,0
DA:191,0
LF:53
LH:9
BRDA:115,0,0,0
BRDA:115,0,1,0
BRDA:118,1,0,0
BRDA:118,1,1,0
BRDA:121,2,0,0
BRDA:121,2,1,0
BRDA:124,3,0,0
BRDA:124,3,1,0
BRDA:189,4,0,0
BRDA:189,4,1,0
BRDA:189,5,0,0
BRDA:189,5,1,0
BRDA:197,6,0,0
BRDA:197,6,1,0
BRF:14
BRH:0
end_of_record
TN:
SF:C:\Users\Hubert\Desktop\ELO\frontend\src\components\App.tsx
FN:22,(anonymous_0)
FN:29,(anonymous_1)
FNF:2
FNH:1
FNDA:2,(anonymous_0)
FNDA:0,(anonymous_1)
DA:13,1
DA:22,1
DA:23,2
DA:24,2
DA:26,2
DA:27,2
DA:29,2
DA:30,0
DA:33,2
DA:34,2
LF:10
LH:9
BRDA:37,0,0,2
BRDA:37,0,1,2
BRDA:42,1,0,2
BRDA:42,1,1,0
BRDA:48,2,0,2
BRDA:48,2,1,0
BRDA:52,3,0,2
BRDA:52,3,1,0
BRF:8
BRH:5
end_of_record
TN:
SF:C:\Users\Hubert\Desktop\ELO\frontend\src\components\CourseCard.tsx
FN:63,(anonymous_0)
FN:72,(anonymous_1)
FN:89,(anonymous_2)
FN:100,(anonymous_3)
FN:121,(anonymous_4)
FN:150,(anonymous_5)
FN:161,(anonymous_6)
FN:164,(anonymous_7)
FN:165,(anonymous_8)
FN:171,(anonymous_9)
FN:173,(anonymous_10)
FN:179,(anonymous_11)
FN:180,(anonymous_12)
FN:183,(anonymous_13)
FN:187,(anonymous_14)
FN:188,(anonymous_15)
FN:196,(anonymous_16)
FNF:17
FNH:1
FNDA:0,(anonymous_0)
FNDA:0,(anonymous_1)
FNDA:10,(anonymous_2)
FNDA:0,(anonymous_3)
FNDA:0,(anonymous_4)
FNDA:0,(anonymous_5)
FNDA:0,(anonymous_6)
FNDA:0,(anonymous_7)
FNDA:0,(anonymous_8)
FNDA:0,(anonymous_9)
FNDA:0,(anonymous_10)
FNDA:0,(anonymous_11)
FNDA:0,(anonymous_12)
FNDA:0,(anonymous_13)
FNDA:0,(anonymous_14)
FNDA:0,(anonymous_15)
FNDA:0,(anonymous_16)
DA:12,5
DA:27,5
DA:36,5
DA:45,5
DA:56,5
DA:64,0
DA:73,0
DA:83,5
DA:89,10
DA:96,5
DA:100,0
DA:108,5
DA:117,5
DA:122,0
DA:128,5
DA:150,5
DA:151,0
DA:158,0
DA:159,0
DA:160,0
DA:161,0
DA:162,0
DA:164,0
DA:165,0
DA:166,0
DA:169,0
DA:171,0
DA:174,0
DA:175,0
DA:176,0
DA:179,0
DA:180,0
DA:184,0
DA:187,0
DA:189,0
DA:190,0
DA:192,0
DA:193,0
DA:197,0
DA:198,0
DA:200,0
LF:41
LH:12
BRDA:64,0,0,0
BRDA:64,0,1,0
BRDA:73,1,0,0
BRDA:73,1,1,0
BRDA:89,2,0,0
BRDA:89,2,1,10
BRDA:100,3,0,0
BRDA:100,3,1,0
BRDA:122,4,0,0
BRDA:122,4,1,0
BRDA:165,5,0,0
BRDA:165,5,1,0
BRDA:185,6,0,0
BRDA:185,6,1,0
BRDA:185,7,0,0
BRDA:185,7,1,0
BRDA:189,8,0,0
BRDA:189,8,1,0
BRDA:192,9,0,0
BRDA:192,9,1,0
BRDA:197,10,0,0
BRDA:197,10,1,0
BRDA:203,11,0,0
BRDA:203,11,1,0
BRDA:205,12,0,0
BRDA:205,12,1,0
BRF:26
BRH:1
end_of_record
TN:
SF:C:\Users\Hubert\Desktop\ELO\frontend\src\components\DeaneryPanel.tsx
FN:50,(anonymous_0)
FN:105,(anonymous_1)
FN:111,(anonymous_2)
FNF:3
FNH:0
FNDA:0,(anonymous_0)
FNDA:0,(anonymous_1)
FNDA:0,(anonymous_2)
DA:13,1
DA:23,1
DA:30,1
DA:41,1
DA:50,0
DA:60,1
DA:68,1
DA:76,1
DA:85,1
DA:91,1
DA:96,1
DA:105,1
DA:106,0
DA:107,0
DA:108,0
DA:109,0
DA:111,0
DA:112,0
DA:113,0
DA:116,0
LF:20
LH:11
BRDA:50,0,0,0
BRDA:50,0,1,0
BRDA:133,1,0,0
BRDA:133,1,1,0
BRDA:138,2,0,0
BRDA:138,2,1,0
BRDA:140,3,0,0
BRDA:140,3,1,0
BRF:8
BRH:0
end_of_record
TN:
SF:C:\Users\Hubert\Desktop\ELO\frontend\src\components\Dropdown.tsx
FN:52,(anonymous_0)
FN:55,(anonymous_1)
FN:59,(anonymous_2)
FN:62,(anonymous_3)
FN:68,(anonymous_4)
FN:77,(anonymous_5)
FN:78,(anonymous_6)
FN:80,(anonymous_7)
FN:97,(anonymous_8)
FN:98,(anonymous_9)
FN:99,(anonymous_10)
FN:122,(anonymous_11)
FN:130,(anonymous_12)
FNF:13
FNH:6
FNDA:12,(anonymous_0)
FNDA:8,(anonymous_1)
FNDA:0,(anonymous_2)
FNDA:0,(anonymous_3)
FNDA:0,(anonymous_4)
FNDA:8,(anonymous_5)
FNDA:8,(anonymous_6)
FNDA:0,(anonymous_7)
FNDA:4,(anonymous_8)
FNDA:4,(anonymous_9)
FNDA:0,(anonymous_10)
FNDA:0,(anonymous_11)
FNDA:0,(anonymous_12)
DA:7,4
DA:32,4
DA:52,4
DA:53,12
DA:54,12
DA:55,12
DA:56,12
DA:57,12
DA:59,12
DA:60,0
DA:61,0
DA:62,0
DA:63,0
DA:64,0
DA:68,12
DA:69,0
DA:71,0
DA:72,0
DA:74,0
DA:77,12
DA:78,8
DA:79,8
DA:81,0
DA:92,8
DA:94,8
DA:97,12
DA:98,4
DA:99,4
DA:100,0
DA:111,4
DA:113,4
DA:116,12
DA:123,0
DA:131,0
LF:34
LH:21
BRDA:61,0,0,0
BRDA:61,0,1,0
BRDA:61,1,0,0
BRDA:61,1,1,0
BRDA:81,2,0,0
BRDA:81,2,1,0
BRDA:118,3,0,12
BRDA:118,3,1,0
BRDA:120,4,0,0
BRDA:120,4,1,0
BRF:10
BRH:1
end_of_record
TN:
SF:C:\Users\Hubert\Desktop\ELO\frontend\src\components\Profile.tsx
FN:10,(anonymous_0)
FNF:1
FNH:1
FNDA:8,(anonymous_0)
DA:10,4
DA:11,8
DA:13,8
LF:3
LH:3
BRF:0
BRH:0
end_of_record
TN:
SF:C:\Users\Hubert\Desktop\ELO\frontend\src\components\Rightbar.tsx
FN:50,(anonymous_0)
FN:54,(anonymous_1)
FN:58,(anonymous_2)
FNF:3
FNH:1
FNDA:4,(anonymous_0)
FNDA:0,(anonymous_1)
FNDA:0,(anonymous_2)
DA:7,2
DA:28,2
DA:50,2
DA:51,4
DA:53,4
DA:54,4
DA:55,4
DA:59,0
LF:8
LH:7
BRF:0
BRH:0
end_of_record
TN:
SF:C:\Users\Hubert\Desktop\ELO\frontend\src\components\Scheduler.tsx
FN:47,(anonymous_0)
FN:48,(anonymous_1)
FN:52,(anonymous_2)
FN:53,(anonymous_3)
FN:54,(anonymous_4)
FN:55,(anonymous_5)
FN:69,(anonymous_6)
FN:74,(anonymous_7)
FN:75,(anonymous_8)
FN:83,(anonymous_9)
FN:89,(anonymous_10)
FN:102,(anonymous_11)
FN:104,(anonymous_12)
FNF:13
FNH:0
FNDA:0,(anonymous_0)
FNDA:0,(anonymous_1)
FNDA:0,(anonymous_2)
FNDA:0,(anonymous_3)
FNDA:0,(anonymous_4)
FNDA:0,(anonymous_5)
FNDA:0,(anonymous_6)
FNDA:0,(anonymous_7)
FNDA:0,(anonymous_8)
FNDA:0,(anonymous_9)
FNDA:0,(anonymous_10)
FNDA:0,(anonymous_11)
FNDA:0,(anonymous_12)
DA:8,1
DA:22,1
DA:30,1
DA:35,1
DA:46,1
DA:47,0
DA:48,0
DA:52,0
DA:53,0
DA:54,0
DA:55,0
DA:69,1
DA:70,0
DA:71,0
DA:72,0
DA:74,0
DA:75,0
DA:76,0
DA:77,0
DA:78,0
DA:81,0
DA:82,0
DA:83,0
DA:86,0
DA:90,0
DA:103,0
DA:105,0
LF:27
LH:6
BRDA:47,0,0,0
BRDA:47,0,1,0
BRDA:48,1,0,0
BRDA:48,1,1,0
BRDA:52,2,0,0
BRDA:52,2,1,0
BRDA:53,3,0,0
BRDA:53,3,1,0
BRDA:54,4,0,0
BRDA:54,4,1,0
BRDA:55,5,0,0
BRDA:55,5,1,0
BRDA:76,6,0,0
BRDA:76,6,1,0
BRDA:90,7,0,0
BRDA:90,7,1,0
BRDA:105,8,0,0
BRDA:105,8,1,0
BRDA:109,9,0,0
BRDA:109,9,1,0
BRDA:109,10,0,0
BRDA:109,10,1,0
BRDA:113,11,0,0
BRDA:113,11,1,0
BRDA:117,12,0,0
BRDA:117,12,1,0
BRDA:121,13,0,0
BRDA:121,13,1,0
BRF:28
BRH:0
end_of_record
TN:
SF:C:\Users\Hubert\Desktop\ELO\frontend\src\components\SchedulerEvents.tsx
FN:14,(anonymous_0)
FN:18,(anonymous_1)
FNF:2
FNH:0
FNDA:0,(anonymous_0)
FNDA:0,(anonymous_1)
DA:14,1
DA:16,0
DA:19,0
LF:3
LH:1
BRDA:24,0,0,0
BRDA:24,0,1,0
BRDA:26,1,0,0
BRDA:26,1,1,0
BRDA:28,2,0,0
BRDA:28,2,1,0
BRDA:30,3,0,0
BRDA:30,3,1,0
BRDA:32,4,0,0
BRDA:32,4,1,0
BRDA:34,5,0,0
BRDA:34,5,1,0
BRF:12
BRH:0
end_of_record
TN:
SF:C:\Users\Hubert\Desktop\ELO\frontend\src\components\SchedulerHistory.tsx
FN:18,(anonymous_0)
FN:23,(anonymous_1)
FN:25,(anonymous_2)
FN:29,(anonymous_3)
FN:31,(anonymous_4)
FN:35,(anonymous_5)
FNF:6
FNH:0
FNDA:0,(anonymous_0)
FNDA:0,(anonymous_1)
FNDA:0,(anonymous_2)
FNDA:0,(anonymous_3)
FNDA:0,(anonymous_4)
FNDA:0,(anonymous_5)
DA:8,1
DA:18,1
DA:19,0
DA:20,0
DA:21,0
DA:23,0
DA:24,0
DA:25,0
DA:29,0
DA:30,0
DA:31,0
DA:35,0
DA:36,0
DA:37,0
DA:38,0
DA:39,0
DA:42,0
DA:46,0
LF:18
LH:2
BRDA:20,0,0,0
BRDA:20,0,1,0
BRDA:24,1,0,0
BRDA:24,1,1,0
BRDA:30,2,0,0
BRDA:30,2,1,0
BRDA:37,3,0,0
BRDA:37,3,1,0
BRDA:48,4,0,0
BRDA:48,4,1,0
BRF:10
BRH:0
end_of_record
TN:
SF:C:\Users\Hubert\Desktop\ELO\frontend\src\components\SchedulerHistoryNavigation.tsx
FN:62,(anonymous_0)
FN:72,(anonymous_1)
FN:81,(anonymous_2)
FNF:3
FNH:0
FNDA:0,(anonymous_0)
FNDA:0,(anonymous_1)
FNDA:0,(anonymous_2)
DA:11,1
DA:18,1
DA:38,1
DA:43,1
DA:62,1
DA:68,0
DA:73,0
DA:82,0
LF:8
LH:5
BRF:0
BRH:0
end_of_record
TN:
SF:C:\Users\Hubert\Desktop\ELO\frontend\src\components\SchedulerRow.tsx
FN:9,(anonymous_0)
FN:37,(anonymous_1)
FN:38,(anonymous_2)
FN:39,(anonymous_3)
FN:40,(anonymous_4)
FN:61,(anonymous_5)
FN:62,(anonymous_6)
FN:66,(anonymous_7)
FN:73,(anonymous_8)
FN:83,(anonymous_9)
FN:98,(anonymous_10)
FN:128,(anonymous_11)
FN:136,(anonymous_12)
FN:143,(anonymous_13)
FN:148,(anonymous_14)
FN:152,(anonymous_15)
FN:159,(anonymous_16)
FN:169,(anonymous_17)
FN:182,(anonymous_18)
FN:221,(anonymous_19)
FNF:20
FNH:0
FNDA:0,(anonymous_0)
FNDA:0,(anonymous_1)
FNDA:0,(anonymous_2)
FNDA:0,(anonymous_3)
FNDA:0,(anonymous_4)
FNDA:0,(anonymous_5)
FNDA:0,(anonymous_6)
FNDA:0,(anonymous_7)
FNDA:0,(anonymous_8)
FNDA:0,(anonymous_9)
FNDA:0,(anonymous_10)
FNDA:0,(anonymous_11)
FNDA:0,(anonymous_12)
FNDA:0,(anonymous_13)
FNDA:0,(anonymous_14)
FNDA:0,(anonymous_15)
FNDA:0,(anonymous_16)
FNDA:0,(anonymous_17)
FNDA:0,(anonymous_18)
FNDA:0,(anonymous_19)
DA:9,1
DA:10,0
DA:22,1
DA:34,1
DA:37,0
DA:38,0
DA:39,0
DA:40,0
DA:52,1
DA:61,0
DA:62,0
DA:67,0
DA:68,0
DA:70,0
DA:74,0
DA:83,1
DA:84,0
DA:95,1
DA:98,0
DA:101,1
DA:112,1
DA:128,1
DA:129,0
DA:130,0
DA:131,0
DA:133,0
DA:136,1
DA:137,0
DA:138,0
DA:139,0
DA:140,0
DA:141,0
DA:143,0
DA:144,0
DA:145,0
DA:148,0
DA:149,0
DA:150,0
DA:152,0
DA:154,0
DA:155,0
DA:157,0
DA:160,0
DA:170,0
DA:182,0
LF:45
LH:10
BRDA:67,0,0,0
BRDA:67,0,1,0
BRDA:68,1,0,0
BRDA:68,1,1,0
BRDA:70,2,0,0
BRDA:70,2,1,0
BRDA:74,3,0,0
BRDA:74,3,1,0
BRDA:98,4,0,0
BRDA:98,4,1,0
BRDA:155,5,0,0
BRDA:155,5,1,0
BRDA:170,6,0,0
BRDA:170,6,1,0
BRDA:180,7,0,0
BRDA:180,7,1,0
BRDA:186,8,0,0
BRDA:186,8,1,0
BRF:18
BRH:0
end_of_record
TN:
SF:C:\Users\Hubert\Desktop\ELO\frontend\src\components\SelectMenu.tsx
FN:75,(anonymous_0)
FN:80,(anonymous_1)
FN:84,(anonymous_2)
FN:86,(anonymous_3)
FN:97,(anonymous_4)
FN:105,(anonymous_5)
FNF:6
FNH:1
FNDA:10,(anonymous_0)
FNDA:0,(anonymous_1)
FNDA:0,(anonymous_2)
FNDA:0,(anonymous_3)
FNDA:0,(anonymous_4)
FNDA:0,(anonymous_5)
DA:6,5
DA:28,5
DA:34,5
DA:39,5
DA:48,5
DA:64,5
DA:75,5
DA:76,10
DA:78,10
DA:81,0
DA:84,0
DA:87,0
DA:88,0
DA:98,0
DA:99,0
DA:106,0
DA:107,0
LF:17
LH:9
BRDA:94,0,0,10
BRDA:94,0,1,0
BRF:2
BRH:1
end_of_record
TN:
SF:C:\Users\Hubert\Desktop\ELO\frontend\src\components\Statistics.tsx
FN:56,(anonymous_0)
FNF:1
FNH:1
FNDA:2,(anonymous_0)
DA:12,2
DA:20,2
DA:27,2
DA:43,2
DA:49,2
DA:56,2
DA:57,2
LF:7
LH:7
BRF:0
BRH:0
end_of_record
TN:
SF:C:\Users\Hubert\Desktop\ELO\frontend\src\components\Topbar.tsx
FN:68,(anonymous_0)
FN:139,(anonymous_1)
FN:149,(anonymous_2)
FN:153,(anonymous_3)
FN:155,(anonymous_4)
FN:157,(anonymous_5)
FN:159,(anonymous_6)
FN:161,(anonymous_7)
FN:161,(anonymous_8)
FN:163,(anonymous_9)
FN:165,(anonymous_10)
FN:167,(anonymous_11)
FN:169,(anonymous_12)
FN:197,(anonymous_13)
FNF:14
FNH:4
FNDA:8,(anonymous_0)
FNDA:8,(anonymous_1)
FNDA:4,(anonymous_2)
FNDA:0,(anonymous_3)
FNDA:0,(anonymous_4)
FNDA:0,(anonymous_5)
FNDA:0,(anonymous_6)
FNDA:0,(anonymous_7)
FNDA:0,(anonymous_8)
FNDA:0,(anonymous_9)
FNDA:0,(anonymous_10)
FNDA:0,(anonymous_11)
FNDA:4,(anonymous_12)
FNDA:0,(anonymous_13)
DA:13,4
DA:23,4
DA:31,4
DA:39,4
DA:52,4
DA:62,4
DA:68,8
DA:78,4
DA:92,4
DA:106,4
DA:114,4
DA:123,4
DA:127,4
DA:140,8
DA:141,8
DA:142,8
DA:143,8
DA:144,8
DA:145,8
DA:146,8
DA:147,8
DA:149,8
DA:150,4
DA:153,8
DA:155,8
DA:157,8
DA:159,8
DA:161,8
DA:163,8
DA:165,8
DA:167,8
DA:169,8
DA:170,4
DA:171,0
DA:172,0
DA:176,8
DA:198,0
LF:37
LH:34
BRDA:68,0,0,0
BRDA:68,0,1,8
BRDA:147,1,0,0
BRDA:147,1,1,8
BRDA:150,2,0,4
BRDA:150,2,1,0
BRDA:150,3,0,0
BRDA:150,3,1,0
BRDA:170,4,0,0
BRDA:170,4,1,4
BRDA:185,5,0,8
BRDA:185,5,1,8
BRDA:194,6,0,8
BRDA:194,6,1,0
BRF:14
BRH:7
end_of_record
TN:
SF:C:\Users\Hubert\Desktop\ELO\frontend\src\components\Transfer.tsx
FN:73,(anonymous_0)
FNF:1
FNH:1
FNDA:2,(anonymous_0)
DA:13,1
DA:22,1
DA:41,1
DA:48,1
DA:55,1
DA:60,1
DA:73,1
DA:74,2
DA:76,2
LF:9
LH:9
BRF:0
BRH:0
end_of_record
TN:
SF:C:\Users\Hubert\Desktop\ELO\frontend\src\constants\index.ts
FNF:0
FNH:0
DA:1,5
DA:2,5
DA:29,5
DA:32,5
DA:44,5
DA:45,5
LF:6
LH:6
BRF:0
BRH:0
end_of_record
TN:
SF:C:\Users\Hubert\Desktop\ELO\frontend\src\contexts\CASProvider.tsx
FN:20,(anonymous_0)
FN:26,(anonymous_1)
FN:27,(anonymous_2)
FN:58,logout
FN:65,redirectToCASLogoutService
FN:69,redirectToCASLoginService
FNF:6
FNH:4
FNDA:20,(anonymous_0)
FNDA:10,(anonymous_1)
FNDA:10,(anonymous_2)
FNDA:0,logout
FNDA:0,redirectToCASLogoutService
FNDA:10,redirectToCASLoginService
DA:14,5
DA:20,5
DA:21,20
DA:22,20
DA:23,20
DA:24,20
DA:25,20
DA:26,20
DA:27,10
DA:28,10
DA:29,10
DA:30,10
DA:31,10
DA:33,10
DA:34,10
DA:35,10
DA:36,10
DA:39,0
DA:40,0
DA:41,0
DA:42,0
DA:43,0
DA:45,0
DA:46,0
DA:47,0
DA:48,0
DA:49,0
DA:50,0
DA:52,0
DA:55,10
DA:59,0
DA:60,0
DA:61,0
DA:62,0
DA:66,0
DA:70,10
DA:73,20
LF:37
LH:20
BRDA:30,0,0,10
BRDA:30,0,1,0
BRDA:34,1,0,10
BRDA:34,1,1,0
BRDA:48,2,0,0
BRDA:48,2,1,0
BRDA:49,3,0,0
BRDA:49,3,1,0
BRDA:50,4,0,0
BRDA:50,4,1,0
BRF:10
BRH:2
end_of_record
TN:
SF:C:\Users\Hubert\Desktop\ELO\frontend\src\contexts\CoursesProvider.tsx
FN:47,(anonymous_0)
FN:60,(anonymous_1)
FN:61,(anonymous_2)
FN:61,(anonymous_3)
FN:62,(anonymous_4)
FN:62,(anonymous_5)
FN:66,(anonymous_6)
FN:66,(anonymous_7)
FN:68,(anonymous_8)
FN:70,(anonymous_9)
FN:71,(anonymous_10)
FN:76,(anonymous_11)
FN:77,(anonymous_12)
FN:89,(anonymous_13)
FN:90,(anonymous_14)
FN:103,(anonymous_15)
FN:104,(anonymous_16)
FN:112,(anonymous_17)
FN:114,(anonymous_18)
FN:116,(anonymous_19)
FN:126,(anonymous_20)
FN:126,(anonymous_21)
FN:128,(anonymous_22)
FN:130,(anonymous_23)
FN:136,(anonymous_24)
FN:138,(anonymous_25)
FN:141,(anonymous_26)
FN:167,(anonymous_27)
FN:168,(anonymous_28)
FN:173,(anonymous_29)
FN:179,(anonymous_30)
FN:180,(anonymous_31)
FN:184,(anonymous_32)
FN:188,(anonymous_33)
FN:193,(anonymous_34)
FN:205,(anonymous_35)
FN:218,(anonymous_36)
FN:229,(anonymous_37)
FN:234,(anonymous_38)
FN:241,(anonymous_39)
FN:269,(anonymous_40)
FN:271,(anonymous_41)
FNF:42
FNH:5
FNDA:20,(anonymous_0)
FNDA:0,(anonymous_1)
FNDA:0,(anonymous_2)
FNDA:0,(anonymous_3)
FNDA:0,(anonymous_4)
FNDA:0,(anonymous_5)
FNDA:12,(anonymous_6)
FNDA:0,(anonymous_7)
FNDA:4,(anonymous_8)
FNDA:0,(anonymous_9)
FNDA:0,(anonymous_10)
FNDA:2,(anonymous_11)
FNDA:0,(anonymous_12)
FNDA:0,(anonymous_13)
FNDA:0,(anonymous_14)
FNDA:0,(anonymous_15)
FNDA:0,(anonymous_16)
FNDA:0,(anonymous_17)
FNDA:0,(anonymous_18)
FNDA:0,(anonymous_19)
FNDA:0,(anonymous_20)
FNDA:0,(anonymous_21)
FNDA:0,(anonymous_22)
FNDA:0,(anonymous_23)
FNDA:0,(anonymous_24)
FNDA:0,(anonymous_25)
FNDA:0,(anonymous_26)
FNDA:0,(anonymous_27)
FNDA:0,(anonymous_28)
FNDA:0,(anonymous_29)
FNDA:0,(anonymous_30)
FNDA:0,(anonymous_31)
FNDA:0,(anonymous_32)
FNDA:0,(anonymous_33)
FNDA:0,(anonymous_34)
FNDA:0,(anonymous_35)
FNDA:0,(anonymous_36)
FNDA:0,(anonymous_37)
FNDA:0,(anonymous_38)
FNDA:0,(anonymous_39)
FNDA:10,(anonymous_40)
FNDA:0,(anonymous_41)
DA:8,5
DA:41,5
DA:47,5
DA:48,20
DA:49,20
DA:52,20
DA:53,20
DA:54,20
DA:55,20
DA:56,20
DA:57,20
DA:58,20
DA:60,20
DA:61,0
DA:62,0
DA:63,0
DA:66,20
DA:68,20
DA:69,4
DA:70,4
DA:71,0
DA:72,0
DA:76,20
DA:77,2
DA:78,0
DA:79,0
DA:80,0
DA:82,0
DA:83,0
DA:85,0
DA:89,20
DA:90,0
DA:91,0
DA:92,0
DA:93,0
DA:95,0
DA:96,0
DA:98,0
DA:103,20
DA:104,0
DA:105,0
DA:106,0
DA:108,0
DA:112,20
DA:114,20
DA:116,20
DA:117,0
DA:123,0
DA:126,20
DA:128,20
DA:129,0
DA:130,0
DA:131,0
DA:132,0
DA:136,20
DA:137,0
DA:138,0
DA:139,0
DA:142,0
DA:148,0
DA:149,0
DA:153,0
DA:158,0
DA:159,0
DA:164,0
DA:167,20
DA:168,0
DA:169,0
DA:171,0
DA:172,0
DA:173,0
DA:175,0
DA:179,20
DA:180,0
DA:181,0
DA:182,0
DA:183,0
DA:184,0
DA:186,0
DA:187,0
DA:188,0
DA:193,20
DA:194,0
DA:195,0
DA:198,0
DA:199,0
DA:201,0
DA:205,20
DA:206,0
DA:207,0
DA:210,0
DA:212,0
DA:214,0
DA:218,20
DA:219,0
DA:220,0
DA:223,0
DA:225,0
DA:229,20
DA:230,0
DA:231,0
DA:234,0
DA:235,0
DA:237,0
DA:241,20
DA:242,0
DA:243,0
DA:244,0
DA:245,0
DA:246,0
DA:247,0
DA:248,0
DA:249,0
DA:250,0
DA:254,0
DA:255,0
DA:256,0
DA:257,0
DA:261,0
DA:262,0
DA:266,0
DA:269,20
DA:270,10
DA:271,10
DA:272,0
DA:273,0
DA:274,0
DA:278,20
LF:128
LH:38
BRDA:72,0,0,0
BRDA:72,0,1,0
BRDA:79,1,0,0
BRDA:79,1,1,0
BRDA:82,2,0,0
BRDA:82,2,1,0
BRDA:92,3,0,0
BRDA:92,3,1,0
BRDA:95,4,0,0
BRDA:95,4,1,0
BRDA:105,5,0,0
BRDA:105,5,1,0
BRDA:120,6,0,0
BRDA:120,6,1,0
BRDA:121,7,0,0
BRDA:121,7,1,0
BRDA:169,8,0,0
BRDA:169,8,1,0
BRDA:169,9,0,0
BRDA:169,9,1,0
BRDA:171,10,0,0
BRDA:171,10,1,0
BRDA:173,11,0,0
BRDA:173,11,1,0
BRDA:182,12,0,0
BRDA:182,12,1,0
BRDA:184,13,0,0
BRDA:184,13,1,0
BRDA:186,14,0,0
BRDA:186,14,1,0
BRDA:188,15,0,0
BRDA:188,15,1,0
BRDA:198,16,0,0
BRDA:198,16,1,0
BRDA:210,17,0,0
BRDA:210,17,1,0
BRDA:234,18,0,0
BRDA:234,18,1,0
BRDA:247,19,0,0
BRDA:247,19,1,0
BRDA:249,20,0,0
BRDA:249,20,1,0
BRDA:254,21,0,0
BRDA:254,21,1,0
BRDA:256,22,0,0
BRDA:256,22,1,0
BRDA:261,23,0,0
BRDA:261,23,1,0
BRDA:261,24,0,0
BRDA:261,24,1,0
BRF:50
BRH:0
end_of_record
TN:
SF:C:\Users\Hubert\Desktop\ELO\frontend\src\contexts\StudentsProvider.tsx
FN:17,(anonymous_0)
FN:21,(anonymous_1)
FN:32,(anonymous_2)
FN:33,(anonymous_3)
FN:36,(anonymous_4)
FN:37,(anonymous_5)
FNF:6
FNH:2
FNDA:10,(anonymous_0)
FNDA:0,(anonymous_1)
FNDA:0,(anonymous_2)
FNDA:0,(anonymous_3)
FNDA:10,(anonymous_4)
FNDA:0,(anonymous_5)
DA:11,5
DA:17,5
DA:18,10
DA:19,10
DA:21,10
DA:22,0
DA:23,0
DA:26,0
DA:28,0
DA:32,10
DA:33,0
DA:36,10
DA:37,10
DA:38,0
DA:39,0
DA:43,10
LF:16
LH:9
BRDA:39,0,0,0
BRDA:39,0,1,0
BRF:2
BRH:0
end_of_record
TN:
SF:C:\Users\Hubert\Desktop\ELO\frontend\src\styles\GlobalStyles.ts
FNF:0
FNH:0
DA:3,0
LF:1
LH:0
BRF:0
BRH:0
end_of_record
TN:
SF:C:\Users\Hubert\Desktop\ELO\frontend\src\types\index.ts
FNF:0
FNH:0
LF:0
LH:0
BRF:0
BRH:0
end_of_record
TN:
SF:C:\Users\Hubert\Desktop\ELO\frontend\src\utils\axiosInstance.ts
FN:6,(anonymous_0)
FN:21,(anonymous_1)
FN:28,(anonymous_2)
FN:35,(anonymous_3)
FN:38,(anonymous_4)
FNF:5
FNH:1
FNDA:0,(anonymous_0)
FNDA:10,(anonymous_1)
FNDA:0,(anonymous_2)
FNDA:0,(anonymous_3)
FNDA:0,(anonymous_4)
DA:3,5
DA:6,5
DA:7,0
DA:8,0
DA:9,0
DA:12,0
DA:13,0
DA:14,0
DA:16,0
DA:20,5
DA:22,10
DA:24,10
DA:25,10
DA:26,10
DA:29,0
DA:34,5
DA:36,0
DA:39,0
DA:40,0
DA:41,0
DA:42,0
DA:43,0
DA:44,0
DA:46,0
LF:24
LH:8
BRDA:25,0,0,0
BRDA:25,0,1,10
BRDA:40,1,0,0
BRDA:40,1,1,0
BRDA:40,2,0,0
BRDA:40,2,1,0
BRF:6
BRH:1
end_of_record
TN:
SF:C:\Users\Hubert\Desktop\ELO\frontend\src\utils\index.ts
FN:6,(anonymous_0)
FN:7,(anonymous_1)
FN:19,(anonymous_2)
FN:25,(anonymous_3)
FN:33,(anonymous_4)
FN:50,(anonymous_5)
FN:57,(anonymous_6)
FN:67,(anonymous_7)
FNF:8
FNH:3
FNDA:0,(anonymous_0)
FNDA:0,(anonymous_1)
FNDA:4,(anonymous_2)
FNDA:0,(anonymous_3)
FNDA:1,(anonymous_4)
FNDA:0,(anonymous_5)
FNDA:0,(anonymous_6)
FNDA:4,(anonymous_7)
DA:6,2
DA:7,0
DA:19,2
DA:25,4
DA:26,0
DA:27,0
DA:28,0
DA:29,0
DA:33,4
DA:34,1
DA:35,1
DA:36,1
DA:38,1
DA:39,1
DA:42,1
DA:43,0
DA:44,0
DA:47,1
DA:50,4
DA:51,0
DA:52,0
DA:53,0
DA:57,4
DA:58,0
DA:59,0
DA:60,0
DA:62,0
DA:63,0
DA:67,4
DA:68,4
DA:69,4
DA:70,4
DA:71,4
DA:74,4
LF:34
LH:19
BRDA:19,0,0,4
BRDA:27,1,0,0
BRDA:27,1,1,0
BRDA:36,2,0,1
BRDA:36,2,1,0
BRDA:38,3,0,1
BRDA:38,3,1,0
BRDA:42,4,0,0
BRDA:42,4,1,1
BRDA:51,5,0,0
BRDA:51,5,1,0
BRDA:58,6,0,0
BRDA:58,6,1,0
BRF:13
BRH:4
end_of_record
